{"/Users/scott/code/local/build-talking-apps/starport-75/lambda/index.js": {"path":"/Users/scott/code/local/build-talking-apps/starport-75/lambda/index.js","statementMap":{"0":{"start":{"line":4,"column":14},"end":{"line":4,"column":37}},"1":{"start":{"line":6,"column":29},"end":{"line":17,"column":1}},"2":{"start":{"line":8,"column":8},"end":{"line":8,"column":86}},"3":{"start":{"line":11,"column":28},"end":{"line":11,"column":116}},"4":{"start":{"line":12,"column":8},"end":{"line":15,"column":27}},"5":{"start":{"line":18,"column":32},"end":{"line":30,"column":1}},"6":{"start":{"line":20,"column":8},"end":{"line":21,"column":88}},"7":{"start":{"line":24,"column":28},"end":{"line":24,"column":50}},"8":{"start":{"line":25,"column":8},"end":{"line":28,"column":27}},"9":{"start":{"line":31,"column":26},"end":{"line":44,"column":1}},"10":{"start":{"line":33,"column":8},"end":{"line":34,"column":89}},"11":{"start":{"line":37,"column":28},"end":{"line":37,"column":70}},"12":{"start":{"line":39,"column":8},"end":{"line":42,"column":27}},"13":{"start":{"line":45,"column":35},"end":{"line":57,"column":1}},"14":{"start":{"line":47,"column":8},"end":{"line":49,"column":94}},"15":{"start":{"line":52,"column":28},"end":{"line":52,"column":38}},"16":{"start":{"line":53,"column":8},"end":{"line":55,"column":27}},"17":{"start":{"line":58,"column":35},"end":{"line":66,"column":1}},"18":{"start":{"line":60,"column":8},"end":{"line":60,"column":92}},"19":{"start":{"line":64,"column":8},"end":{"line":64,"column":58}},"20":{"start":{"line":110,"column":0},"end":{"line":122,"column":14}}},"fnMap":{"0":{"name":"(anonymous_0)","decl":{"start":{"line":7,"column":4},"end":{"line":7,"column":5}},"loc":{"start":{"line":7,"column":28},"end":{"line":9,"column":5}},"line":7},"1":{"name":"(anonymous_1)","decl":{"start":{"line":10,"column":4},"end":{"line":10,"column":5}},"loc":{"start":{"line":10,"column":25},"end":{"line":16,"column":5}},"line":10},"2":{"name":"(anonymous_2)","decl":{"start":{"line":19,"column":4},"end":{"line":19,"column":5}},"loc":{"start":{"line":19,"column":28},"end":{"line":22,"column":5}},"line":19},"3":{"name":"(anonymous_3)","decl":{"start":{"line":23,"column":4},"end":{"line":23,"column":5}},"loc":{"start":{"line":23,"column":25},"end":{"line":29,"column":5}},"line":23},"4":{"name":"(anonymous_4)","decl":{"start":{"line":32,"column":4},"end":{"line":32,"column":5}},"loc":{"start":{"line":32,"column":28},"end":{"line":35,"column":5}},"line":32},"5":{"name":"(anonymous_5)","decl":{"start":{"line":36,"column":4},"end":{"line":36,"column":5}},"loc":{"start":{"line":36,"column":25},"end":{"line":43,"column":5}},"line":36},"6":{"name":"(anonymous_6)","decl":{"start":{"line":46,"column":4},"end":{"line":46,"column":5}},"loc":{"start":{"line":46,"column":28},"end":{"line":50,"column":5}},"line":46},"7":{"name":"(anonymous_7)","decl":{"start":{"line":51,"column":4},"end":{"line":51,"column":5}},"loc":{"start":{"line":51,"column":25},"end":{"line":56,"column":5}},"line":51},"8":{"name":"(anonymous_8)","decl":{"start":{"line":59,"column":4},"end":{"line":59,"column":5}},"loc":{"start":{"line":59,"column":28},"end":{"line":61,"column":5}},"line":59},"9":{"name":"(anonymous_9)","decl":{"start":{"line":62,"column":4},"end":{"line":62,"column":5}},"loc":{"start":{"line":62,"column":25},"end":{"line":65,"column":5}},"line":62}},"branchMap":{"0":{"loc":{"start":{"line":20,"column":15},"end":{"line":21,"column":87}},"type":"binary-expr","locations":[{"start":{"line":20,"column":15},"end":{"line":20,"column":85}},{"start":{"line":21,"column":15},"end":{"line":21,"column":87}}],"line":20},"1":{"loc":{"start":{"line":33,"column":15},"end":{"line":34,"column":88}},"type":"binary-expr","locations":[{"start":{"line":33,"column":15},"end":{"line":33,"column":85}},{"start":{"line":34,"column":15},"end":{"line":34,"column":88}}],"line":33},"2":{"loc":{"start":{"line":47,"column":15},"end":{"line":49,"column":93}},"type":"binary-expr","locations":[{"start":{"line":47,"column":15},"end":{"line":47,"column":85}},{"start":{"line":48,"column":16},"end":{"line":48,"column":91}},{"start":{"line":49,"column":19},"end":{"line":49,"column":92}}],"line":47}},"s":{"0":3,"1":3,"2":7,"3":1,"4":1,"5":3,"6":6,"7":2,"8":2,"9":3,"10":4,"11":1,"12":1,"13":3,"14":3,"15":2,"16":2,"17":3,"18":1,"19":1,"20":3},"f":{"0":7,"1":1,"2":6,"3":2,"4":4,"5":1,"6":3,"7":2,"8":1,"9":1},"b":{"0":[6,5],"1":[4,3],"2":[3,2,1]},"_coverageSchema":"43e27e138ebf9cfc5966b082cf9a028302ed4184","hash":"ebd6e1a64a5bf5973756654ae6834796babebac8"}
}
