{"/Users/scott/code/local/build-talking-apps/starport-75/testflow.js": {"path":"/Users/scott/code/local/build-talking-apps/starport-75/testflow.js","statementMap":{"0":{"start":{"line":7,"column":11},"end":{"line":7,"column":24}},"1":{"start":{"line":10,"column":23},"end":{"line":10,"column":42}},"2":{"start":{"line":11,"column":21},"end":{"line":11,"column":30}},"3":{"start":{"line":14,"column":15},"end":{"line":14,"column":38}},"4":{"start":{"line":16,"column":0},"end":{"line":18,"column":1}},"5":{"start":{"line":17,"column":4},"end":{"line":17,"column":46}},"6":{"start":{"line":21,"column":16},"end":{"line":32,"column":1}},"7":{"start":{"line":34,"column":0},"end":{"line":36,"column":1}},"8":{"start":{"line":35,"column":4},"end":{"line":35,"column":49}},"9":{"start":{"line":38,"column":13},"end":{"line":38,"column":27}},"10":{"start":{"line":40,"column":14},"end":{"line":40,"column":43}},"11":{"start":{"line":41,"column":15},"end":{"line":41,"column":22}},"12":{"start":{"line":44,"column":17},"end":{"line":44,"column":29}},"13":{"start":{"line":45,"column":0},"end":{"line":49,"column":1}},"14":{"start":{"line":46,"column":4},"end":{"line":46,"column":26}},"15":{"start":{"line":48,"column":4},"end":{"line":48,"column":47}},"16":{"start":{"line":54,"column":0},"end":{"line":54,"column":96}},"17":{"start":{"line":55,"column":0},"end":{"line":55,"column":14}},"18":{"start":{"line":57,"column":27},"end":{"line":57,"column":38}},"19":{"start":{"line":59,"column":15},"end":{"line":59,"column":17}},"20":{"start":{"line":60,"column":16},"end":{"line":60,"column":18}},"21":{"start":{"line":61,"column":9},"end":{"line":61,"column":11}},"22":{"start":{"line":62,"column":19},"end":{"line":62,"column":20}},"23":{"start":{"line":63,"column":16},"end":{"line":63,"column":18}},"24":{"start":{"line":64,"column":13},"end":{"line":64,"column":15}},"25":{"start":{"line":65,"column":13},"end":{"line":65,"column":18}},"26":{"start":{"line":66,"column":17},"end":{"line":66,"column":21}},"27":{"start":{"line":67,"column":18},"end":{"line":67,"column":32}},"28":{"start":{"line":68,"column":17},"end":{"line":68,"column":21}},"29":{"start":{"line":71,"column":14},"end":{"line":195,"column":1}},"30":{"start":{"line":75,"column":8},"end":{"line":79,"column":9}},"31":{"start":{"line":76,"column":12},"end":{"line":76,"column":20}},"32":{"start":{"line":78,"column":12},"end":{"line":78,"column":40}},"33":{"start":{"line":81,"column":24},"end":{"line":81,"column":90}},"34":{"start":{"line":83,"column":8},"end":{"line":83,"column":57}},"35":{"start":{"line":84,"column":8},"end":{"line":84,"column":54}},"36":{"start":{"line":86,"column":8},"end":{"line":89,"column":9}},"37":{"start":{"line":87,"column":12},"end":{"line":87,"column":45}},"38":{"start":{"line":88,"column":12},"end":{"line":88,"column":57}},"39":{"start":{"line":91,"column":8},"end":{"line":104,"column":9}},"40":{"start":{"line":93,"column":31},"end":{"line":93,"column":71}},"41":{"start":{"line":94,"column":12},"end":{"line":94,"column":67}},"42":{"start":{"line":95,"column":12},"end":{"line":95,"column":64}},"43":{"start":{"line":97,"column":12},"end":{"line":103,"column":13}},"44":{"start":{"line":98,"column":16},"end":{"line":98,"column":49}},"45":{"start":{"line":102,"column":16},"end":{"line":102,"column":72}},"46":{"start":{"line":106,"column":8},"end":{"line":137,"column":9}},"47":{"start":{"line":107,"column":12},"end":{"line":135,"column":13}},"48":{"start":{"line":108,"column":32},"end":{"line":108,"column":34}},"49":{"start":{"line":109,"column":34},"end":{"line":109,"column":35}},"50":{"start":{"line":111,"column":32},"end":{"line":111,"column":62}},"51":{"start":{"line":112,"column":34},"end":{"line":112,"column":87}},"52":{"start":{"line":113,"column":16},"end":{"line":115,"column":17}},"53":{"start":{"line":114,"column":20},"end":{"line":114,"column":38}},"54":{"start":{"line":116,"column":16},"end":{"line":116,"column":59}},"55":{"start":{"line":118,"column":17},"end":{"line":120,"column":17}},"56":{"start":{"line":119,"column":20},"end":{"line":119,"column":49}},"57":{"start":{"line":121,"column":16},"end":{"line":125,"column":17}},"58":{"start":{"line":121,"column":28},"end":{"line":121,"column":29}},"59":{"start":{"line":122,"column":20},"end":{"line":124,"column":21}},"60":{"start":{"line":123,"column":24},"end":{"line":123,"column":63}},"61":{"start":{"line":126,"column":16},"end":{"line":126,"column":30}},"62":{"start":{"line":127,"column":16},"end":{"line":127,"column":96}},"63":{"start":{"line":128,"column":16},"end":{"line":128,"column":109}},"64":{"start":{"line":130,"column":16},"end":{"line":133,"column":17}},"65":{"start":{"line":130,"column":28},"end":{"line":130,"column":29}},"66":{"start":{"line":131,"column":20},"end":{"line":131,"column":120}},"67":{"start":{"line":132,"column":20},"end":{"line":132,"column":109}},"68":{"start":{"line":139,"column":8},"end":{"line":159,"column":9}},"69":{"start":{"line":141,"column":12},"end":{"line":144,"column":13}},"70":{"start":{"line":142,"column":16},"end":{"line":142,"column":49}},"71":{"start":{"line":143,"column":16},"end":{"line":143,"column":79}},"72":{"start":{"line":146,"column":39},"end":{"line":146,"column":41}},"73":{"start":{"line":147,"column":12},"end":{"line":147,"column":45}},"74":{"start":{"line":148,"column":37},"end":{"line":148,"column":66}},"75":{"start":{"line":149,"column":33},"end":{"line":149,"column":55}},"76":{"start":{"line":150,"column":12},"end":{"line":156,"column":13}},"77":{"start":{"line":151,"column":16},"end":{"line":151,"column":36}},"78":{"start":{"line":152,"column":19},"end":{"line":156,"column":13}},"79":{"start":{"line":153,"column":16},"end":{"line":153,"column":54}},"80":{"start":{"line":155,"column":16},"end":{"line":155,"column":109}},"81":{"start":{"line":157,"column":12},"end":{"line":157,"column":84}},"82":{"start":{"line":162,"column":8},"end":{"line":168,"column":9}},"83":{"start":{"line":163,"column":12},"end":{"line":163,"column":92}},"84":{"start":{"line":164,"column":12},"end":{"line":164,"column":30}},"85":{"start":{"line":166,"column":12},"end":{"line":166,"column":94}},"86":{"start":{"line":167,"column":12},"end":{"line":167,"column":31}},"87":{"start":{"line":171,"column":8},"end":{"line":186,"column":9}},"88":{"start":{"line":175,"column":27},"end":{"line":175,"column":80}},"89":{"start":{"line":176,"column":12},"end":{"line":176,"column":42}},"90":{"start":{"line":180,"column":12},"end":{"line":180,"column":57}},"91":{"start":{"line":183,"column":12},"end":{"line":183,"column":26}},"92":{"start":{"line":184,"column":12},"end":{"line":184,"column":27}},"93":{"start":{"line":191,"column":8},"end":{"line":191,"column":45}},"94":{"start":{"line":192,"column":8},"end":{"line":192,"column":53}},"95":{"start":{"line":197,"column":0},"end":{"line":208,"column":3}},"96":{"start":{"line":198,"column":4},"end":{"line":201,"column":5}},"97":{"start":{"line":199,"column":8},"end":{"line":199,"column":54}},"98":{"start":{"line":200,"column":8},"end":{"line":200,"column":24}},"99":{"start":{"line":202,"column":18},"end":{"line":202,"column":20}},"100":{"start":{"line":204,"column":4},"end":{"line":204,"column":56}},"101":{"start":{"line":206,"column":4},"end":{"line":206,"column":36}},"102":{"start":{"line":213,"column":4},"end":{"line":213,"column":19}},"103":{"start":{"line":215,"column":21},"end":{"line":215,"column":56}},"104":{"start":{"line":218,"column":4},"end":{"line":222,"column":5}},"105":{"start":{"line":219,"column":8},"end":{"line":219,"column":22}},"106":{"start":{"line":221,"column":8},"end":{"line":221,"column":27}},"107":{"start":{"line":224,"column":4},"end":{"line":226,"column":5}},"108":{"start":{"line":225,"column":8},"end":{"line":225,"column":24}},"109":{"start":{"line":228,"column":4},"end":{"line":239,"column":5}},"110":{"start":{"line":230,"column":8},"end":{"line":230,"column":27}},"111":{"start":{"line":231,"column":8},"end":{"line":231,"column":53}},"112":{"start":{"line":233,"column":8},"end":{"line":233,"column":90}},"113":{"start":{"line":235,"column":8},"end":{"line":235,"column":28}},"114":{"start":{"line":237,"column":8},"end":{"line":237,"column":57}},"115":{"start":{"line":241,"column":4},"end":{"line":252,"column":5}},"116":{"start":{"line":243,"column":8},"end":{"line":243,"column":27}},"117":{"start":{"line":244,"column":8},"end":{"line":244,"column":52}},"118":{"start":{"line":246,"column":8},"end":{"line":246,"column":92}},"119":{"start":{"line":248,"column":8},"end":{"line":248,"column":28}},"120":{"start":{"line":250,"column":8},"end":{"line":250,"column":57}},"121":{"start":{"line":254,"column":22},"end":{"line":254,"column":52}},"122":{"start":{"line":255,"column":4},"end":{"line":255,"column":23}},"123":{"start":{"line":257,"column":4},"end":{"line":296,"column":5}},"124":{"start":{"line":258,"column":8},"end":{"line":258,"column":26}},"125":{"start":{"line":259,"column":24},"end":{"line":259,"column":72}},"126":{"start":{"line":261,"column":8},"end":{"line":267,"column":10}},"127":{"start":{"line":271,"column":8},"end":{"line":271,"column":79}},"128":{"start":{"line":273,"column":8},"end":{"line":273,"column":52}},"129":{"start":{"line":277,"column":8},"end":{"line":277,"column":29}},"130":{"start":{"line":278,"column":8},"end":{"line":278,"column":23}},"131":{"start":{"line":280,"column":23},"end":{"line":280,"column":25}},"132":{"start":{"line":282,"column":8},"end":{"line":284,"column":9}},"133":{"start":{"line":283,"column":12},"end":{"line":283,"column":35}},"134":{"start":{"line":287,"column":8},"end":{"line":287,"column":101}},"135":{"start":{"line":290,"column":8},"end":{"line":293,"column":11}},"136":{"start":{"line":291,"column":12},"end":{"line":291,"column":56}},"137":{"start":{"line":300,"column":0},"end":{"line":300,"column":15}},"138":{"start":{"line":303,"column":19},"end":{"line":303,"column":43}},"139":{"start":{"line":305,"column":4},"end":{"line":361,"column":5}},"140":{"start":{"line":307,"column":29},"end":{"line":307,"column":48}},"141":{"start":{"line":308,"column":8},"end":{"line":308,"column":52}},"142":{"start":{"line":309,"column":8},"end":{"line":309,"column":85}},"143":{"start":{"line":311,"column":8},"end":{"line":334,"column":11}},"144":{"start":{"line":316,"column":25},"end":{"line":316,"column":51}},"145":{"start":{"line":320,"column":12},"end":{"line":322,"column":13}},"146":{"start":{"line":321,"column":16},"end":{"line":321,"column":35}},"147":{"start":{"line":326,"column":26},"end":{"line":326,"column":56}},"148":{"start":{"line":327,"column":12},"end":{"line":327,"column":36}},"149":{"start":{"line":331,"column":12},"end":{"line":331,"column":24}},"150":{"start":{"line":332,"column":12},"end":{"line":332,"column":34}},"151":{"start":{"line":341,"column":30},"end":{"line":341,"column":62}},"152":{"start":{"line":343,"column":22},"end":{"line":343,"column":49}},"153":{"start":{"line":344,"column":24},"end":{"line":344,"column":72}},"154":{"start":{"line":346,"column":19},"end":{"line":356,"column":9}},"155":{"start":{"line":358,"column":8},"end":{"line":358,"column":16}},"156":{"start":{"line":368,"column":8},"end":{"line":412,"column":9}},"157":{"start":{"line":414,"column":4},"end":{"line":416,"column":5}},"158":{"start":{"line":415,"column":8},"end":{"line":415,"column":54}},"159":{"start":{"line":419,"column":19},"end":{"line":419,"column":72}},"160":{"start":{"line":420,"column":4},"end":{"line":420,"column":34}},"161":{"start":{"line":426,"column":4},"end":{"line":483,"column":5}},"162":{"start":{"line":428,"column":8},"end":{"line":436,"column":9}},"163":{"start":{"line":430,"column":12},"end":{"line":430,"column":73}},"164":{"start":{"line":433,"column":12},"end":{"line":433,"column":40}},"165":{"start":{"line":434,"column":12},"end":{"line":434,"column":73}},"166":{"start":{"line":435,"column":12},"end":{"line":435,"column":45}},"167":{"start":{"line":440,"column":25},"end":{"line":440,"column":85}},"168":{"start":{"line":441,"column":29},"end":{"line":441,"column":117}},"169":{"start":{"line":447,"column":20},"end":{"line":447,"column":50}},"170":{"start":{"line":448,"column":28},"end":{"line":458,"column":9}},"171":{"start":{"line":460,"column":25},"end":{"line":460,"column":27}},"172":{"start":{"line":462,"column":8},"end":{"line":464,"column":9}},"173":{"start":{"line":462,"column":21},"end":{"line":462,"column":22}},"174":{"start":{"line":463,"column":12},"end":{"line":463,"column":49}},"175":{"start":{"line":466,"column":28},"end":{"line":466,"column":62}},"176":{"start":{"line":468,"column":8},"end":{"line":482,"column":11}},"177":{"start":{"line":470,"column":32},"end":{"line":470,"column":41}},"178":{"start":{"line":472,"column":33},"end":{"line":472,"column":66}},"179":{"start":{"line":474,"column":36},"end":{"line":474,"column":60}},"180":{"start":{"line":475,"column":27},"end":{"line":475,"column":96}},"181":{"start":{"line":476,"column":33},"end":{"line":476,"column":53}},"182":{"start":{"line":477,"column":12},"end":{"line":479,"column":13}},"183":{"start":{"line":478,"column":16},"end":{"line":478,"column":59}},"184":{"start":{"line":480,"column":12},"end":{"line":480,"column":42}},"185":{"start":{"line":489,"column":4},"end":{"line":519,"column":5}},"186":{"start":{"line":490,"column":8},"end":{"line":490,"column":104}},"187":{"start":{"line":494,"column":8},"end":{"line":511,"column":11}},"188":{"start":{"line":495,"column":25},"end":{"line":495,"column":47}},"189":{"start":{"line":499,"column":12},"end":{"line":508,"column":13}},"190":{"start":{"line":500,"column":16},"end":{"line":507,"column":17}},"191":{"start":{"line":502,"column":20},"end":{"line":502,"column":104}},"192":{"start":{"line":503,"column":20},"end":{"line":503,"column":35}},"193":{"start":{"line":506,"column":20},"end":{"line":506,"column":39}},"194":{"start":{"line":510,"column":12},"end":{"line":510,"column":29}},"195":{"start":{"line":514,"column":8},"end":{"line":516,"column":9}},"196":{"start":{"line":515,"column":12},"end":{"line":515,"column":92}},"197":{"start":{"line":518,"column":8},"end":{"line":518,"column":28}},"198":{"start":{"line":523,"column":4},"end":{"line":527,"column":5}},"199":{"start":{"line":524,"column":8},"end":{"line":524,"column":39}},"200":{"start":{"line":526,"column":8},"end":{"line":526,"column":30}},"201":{"start":{"line":531,"column":23},"end":{"line":531,"column":25}},"202":{"start":{"line":533,"column":4},"end":{"line":537,"column":5}},"203":{"start":{"line":533,"column":17},"end":{"line":533,"column":18}},"204":{"start":{"line":534,"column":8},"end":{"line":536,"column":9}},"205":{"start":{"line":535,"column":12},"end":{"line":535,"column":42}},"206":{"start":{"line":538,"column":4},"end":{"line":538,"column":24}},"207":{"start":{"line":541,"column":31},"end":{"line":541,"column":32}},"208":{"start":{"line":542,"column":19},"end":{"line":542,"column":48}},"209":{"start":{"line":543,"column":20},"end":{"line":543,"column":38}},"210":{"start":{"line":545,"column":4},"end":{"line":559,"column":5}},"211":{"start":{"line":547,"column":8},"end":{"line":549,"column":9}},"212":{"start":{"line":548,"column":12},"end":{"line":548,"column":45}},"213":{"start":{"line":550,"column":8},"end":{"line":552,"column":9}},"214":{"start":{"line":551,"column":12},"end":{"line":551,"column":50}},"215":{"start":{"line":553,"column":8},"end":{"line":555,"column":9}},"216":{"start":{"line":554,"column":12},"end":{"line":554,"column":55}},"217":{"start":{"line":558,"column":8},"end":{"line":558,"column":89}},"218":{"start":{"line":561,"column":13},"end":{"line":561,"column":83}},"219":{"start":{"line":563,"column":4},"end":{"line":563,"column":14}},"220":{"start":{"line":567,"column":14},"end":{"line":567,"column":16}},"221":{"start":{"line":568,"column":19},"end":{"line":568,"column":35}},"222":{"start":{"line":569,"column":19},"end":{"line":569,"column":21}},"223":{"start":{"line":571,"column":4},"end":{"line":611,"column":5}},"224":{"start":{"line":572,"column":8},"end":{"line":572,"column":64}},"225":{"start":{"line":576,"column":8},"end":{"line":609,"column":9}},"226":{"start":{"line":578,"column":12},"end":{"line":578,"column":36}},"227":{"start":{"line":579,"column":12},"end":{"line":579,"column":90}},"228":{"start":{"line":583,"column":27},"end":{"line":583,"column":53}},"229":{"start":{"line":584,"column":30},"end":{"line":584,"column":61}},"230":{"start":{"line":586,"column":12},"end":{"line":592,"column":13}},"231":{"start":{"line":587,"column":16},"end":{"line":587,"column":49}},"232":{"start":{"line":590,"column":16},"end":{"line":590,"column":46}},"233":{"start":{"line":593,"column":32},"end":{"line":593,"column":124}},"234":{"start":{"line":595,"column":27},"end":{"line":595,"column":29}},"235":{"start":{"line":596,"column":12},"end":{"line":598,"column":13}},"236":{"start":{"line":597,"column":16},"end":{"line":597,"column":83}},"237":{"start":{"line":601,"column":30},"end":{"line":601,"column":166}},"238":{"start":{"line":607,"column":12},"end":{"line":607,"column":117}},"239":{"start":{"line":615,"column":4},"end":{"line":615,"column":15}}},"fnMap":{"0":{"name":"(anonymous_0)","decl":{"start":{"line":72,"column":15},"end":{"line":72,"column":16}},"loc":{"start":{"line":72,"column":31},"end":{"line":189,"column":5}},"line":72},"1":{"name":"(anonymous_1)","decl":{"start":{"line":190,"column":12},"end":{"line":190,"column":13}},"loc":{"start":{"line":190,"column":27},"end":{"line":193,"column":5}},"line":190},"2":{"name":"(anonymous_2)","decl":{"start":{"line":197,"column":22},"end":{"line":197,"column":23}},"loc":{"start":{"line":197,"column":43},"end":{"line":208,"column":1}},"line":197},"3":{"name":"runSingleTest","decl":{"start":{"line":211,"column":9},"end":{"line":211,"column":22}},"loc":{"start":{"line":211,"column":53},"end":{"line":298,"column":1}},"line":211},"4":{"name":"(anonymous_4)","decl":{"start":{"line":290,"column":33},"end":{"line":290,"column":34}},"loc":{"start":{"line":290,"column":51},"end":{"line":293,"column":9}},"line":290},"5":{"name":"processArray","decl":{"start":{"line":302,"column":9},"end":{"line":302,"column":21}},"loc":{"start":{"line":302,"column":31},"end":{"line":363,"column":1}},"line":302},"6":{"name":"(anonymous_6)","decl":{"start":{"line":311,"column":51},"end":{"line":311,"column":52}},"loc":{"start":{"line":311,"column":65},"end":{"line":334,"column":9}},"line":311},"7":{"name":"prepareTestRequest","decl":{"start":{"line":365,"column":9},"end":{"line":365,"column":27}},"loc":{"start":{"line":365,"column":52},"end":{"line":484,"column":1}},"line":365},"8":{"name":"(anonymous_8)","decl":{"start":{"line":433,"column":26},"end":{"line":433,"column":27}},"loc":{"start":{"line":433,"column":37},"end":{"line":433,"column":39}},"line":433},"9":{"name":"(anonymous_9)","decl":{"start":{"line":468,"column":40},"end":{"line":468,"column":41}},"loc":{"start":{"line":468,"column":55},"end":{"line":482,"column":9}},"line":468},"10":{"name":"promptForSlot","decl":{"start":{"line":486,"column":9},"end":{"line":486,"column":22}},"loc":{"start":{"line":486,"column":62},"end":{"line":520,"column":1}},"line":486},"11":{"name":"(anonymous_11)","decl":{"start":{"line":494,"column":35},"end":{"line":494,"column":36}},"loc":{"start":{"line":494,"column":51},"end":{"line":511,"column":9}},"line":494},"12":{"name":"callback","decl":{"start":{"line":522,"column":9},"end":{"line":522,"column":17}},"loc":{"start":{"line":522,"column":31},"end":{"line":528,"column":1}},"line":522},"13":{"name":"cleanArray","decl":{"start":{"line":530,"column":9},"end":{"line":530,"column":19}},"loc":{"start":{"line":530,"column":29},"end":{"line":539,"column":1}},"line":530},"14":{"name":"addTime","decl":{"start":{"line":540,"column":9},"end":{"line":540,"column":16}},"loc":{"start":{"line":540,"column":39},"end":{"line":564,"column":1}},"line":540},"15":{"name":"buildSlotObj","decl":{"start":{"line":566,"column":9},"end":{"line":566,"column":21}},"loc":{"start":{"line":566,"column":37},"end":{"line":617,"column":1}},"line":566}},"branchMap":{"0":{"loc":{"start":{"line":16,"column":0},"end":{"line":18,"column":1}},"type":"if","locations":[{"start":{"line":16,"column":0},"end":{"line":18,"column":1}},{"start":{"line":16,"column":0},"end":{"line":18,"column":1}}],"line":16},"1":{"loc":{"start":{"line":34,"column":0},"end":{"line":36,"column":1}},"type":"if","locations":[{"start":{"line":34,"column":0},"end":{"line":36,"column":1}},{"start":{"line":34,"column":0},"end":{"line":36,"column":1}}],"line":34},"2":{"loc":{"start":{"line":45,"column":0},"end":{"line":49,"column":1}},"type":"if","locations":[{"start":{"line":45,"column":0},"end":{"line":49,"column":1}},{"start":{"line":45,"column":0},"end":{"line":49,"column":1}}],"line":45},"3":{"loc":{"start":{"line":75,"column":8},"end":{"line":79,"column":9}},"type":"if","locations":[{"start":{"line":75,"column":8},"end":{"line":79,"column":9}},{"start":{"line":75,"column":8},"end":{"line":79,"column":9}}],"line":75},"4":{"loc":{"start":{"line":75,"column":12},"end":{"line":75,"column":99}},"type":"binary-expr","locations":[{"start":{"line":75,"column":12},"end":{"line":75,"column":42}},{"start":{"line":75,"column":46},"end":{"line":75,"column":99}}],"line":75},"5":{"loc":{"start":{"line":81,"column":24},"end":{"line":81,"column":90}},"type":"binary-expr","locations":[{"start":{"line":81,"column":24},"end":{"line":81,"column":55}},{"start":{"line":81,"column":59},"end":{"line":81,"column":90}}],"line":81},"6":{"loc":{"start":{"line":86,"column":8},"end":{"line":89,"column":9}},"type":"if","locations":[{"start":{"line":86,"column":8},"end":{"line":89,"column":9}},{"start":{"line":86,"column":8},"end":{"line":89,"column":9}}],"line":86},"7":{"loc":{"start":{"line":91,"column":8},"end":{"line":104,"column":9}},"type":"if","locations":[{"start":{"line":91,"column":8},"end":{"line":104,"column":9}},{"start":{"line":91,"column":8},"end":{"line":104,"column":9}}],"line":91},"8":{"loc":{"start":{"line":91,"column":12},"end":{"line":91,"column":117}},"type":"binary-expr","locations":[{"start":{"line":91,"column":12},"end":{"line":91,"column":34}},{"start":{"line":91,"column":38},"end":{"line":91,"column":73}},{"start":{"line":91,"column":77},"end":{"line":91,"column":117}}],"line":91},"9":{"loc":{"start":{"line":97,"column":12},"end":{"line":103,"column":13}},"type":"if","locations":[{"start":{"line":97,"column":12},"end":{"line":103,"column":13}},{"start":{"line":97,"column":12},"end":{"line":103,"column":13}}],"line":97},"10":{"loc":{"start":{"line":106,"column":8},"end":{"line":137,"column":9}},"type":"if","locations":[{"start":{"line":106,"column":8},"end":{"line":137,"column":9}},{"start":{"line":106,"column":8},"end":{"line":137,"column":9}}],"line":106},"11":{"loc":{"start":{"line":107,"column":12},"end":{"line":135,"column":13}},"type":"if","locations":[{"start":{"line":107,"column":12},"end":{"line":135,"column":13}},{"start":{"line":107,"column":12},"end":{"line":135,"column":13}}],"line":107},"12":{"loc":{"start":{"line":111,"column":32},"end":{"line":111,"column":62}},"type":"binary-expr","locations":[{"start":{"line":111,"column":32},"end":{"line":111,"column":56}},{"start":{"line":111,"column":60},"end":{"line":111,"column":62}}],"line":111},"13":{"loc":{"start":{"line":112,"column":34},"end":{"line":112,"column":87}},"type":"binary-expr","locations":[{"start":{"line":112,"column":34},"end":{"line":112,"column":60}},{"start":{"line":112,"column":64},"end":{"line":112,"column":87}}],"line":112},"14":{"loc":{"start":{"line":113,"column":16},"end":{"line":115,"column":17}},"type":"if","locations":[{"start":{"line":113,"column":16},"end":{"line":115,"column":17}},{"start":{"line":113,"column":16},"end":{"line":115,"column":17}}],"line":113},"15":{"loc":{"start":{"line":113,"column":20},"end":{"line":113,"column":52}},"type":"binary-expr","locations":[{"start":{"line":113,"column":20},"end":{"line":113,"column":32}},{"start":{"line":113,"column":36},"end":{"line":113,"column":52}}],"line":113},"16":{"loc":{"start":{"line":118,"column":17},"end":{"line":120,"column":17}},"type":"if","locations":[{"start":{"line":118,"column":17},"end":{"line":120,"column":17}},{"start":{"line":118,"column":17},"end":{"line":120,"column":17}}],"line":118},"17":{"loc":{"start":{"line":122,"column":20},"end":{"line":124,"column":21}},"type":"if","locations":[{"start":{"line":122,"column":20},"end":{"line":124,"column":21}},{"start":{"line":122,"column":20},"end":{"line":124,"column":21}}],"line":122},"18":{"loc":{"start":{"line":127,"column":31},"end":{"line":127,"column":94}},"type":"cond-expr","locations":[{"start":{"line":127,"column":62},"end":{"line":127,"column":63}},{"start":{"line":127,"column":66},"end":{"line":127,"column":94}}],"line":127},"19":{"loc":{"start":{"line":131,"column":35},"end":{"line":131,"column":118}},"type":"cond-expr","locations":[{"start":{"line":131,"column":76},"end":{"line":131,"column":77}},{"start":{"line":131,"column":80},"end":{"line":131,"column":118}}],"line":131},"20":{"loc":{"start":{"line":139,"column":8},"end":{"line":159,"column":9}},"type":"if","locations":[{"start":{"line":139,"column":8},"end":{"line":159,"column":9}},{"start":{"line":139,"column":8},"end":{"line":159,"column":9}}],"line":139},"21":{"loc":{"start":{"line":141,"column":12},"end":{"line":144,"column":13}},"type":"if","locations":[{"start":{"line":141,"column":12},"end":{"line":144,"column":13}},{"start":{"line":141,"column":12},"end":{"line":144,"column":13}}],"line":141},"22":{"loc":{"start":{"line":150,"column":12},"end":{"line":156,"column":13}},"type":"if","locations":[{"start":{"line":150,"column":12},"end":{"line":156,"column":13}},{"start":{"line":150,"column":12},"end":{"line":156,"column":13}}],"line":150},"23":{"loc":{"start":{"line":152,"column":19},"end":{"line":156,"column":13}},"type":"if","locations":[{"start":{"line":152,"column":19},"end":{"line":156,"column":13}},{"start":{"line":152,"column":19},"end":{"line":156,"column":13}}],"line":152},"24":{"loc":{"start":{"line":162,"column":8},"end":{"line":168,"column":9}},"type":"if","locations":[{"start":{"line":162,"column":8},"end":{"line":168,"column":9}},{"start":{"line":162,"column":8},"end":{"line":168,"column":9}}],"line":162},"25":{"loc":{"start":{"line":162,"column":12},"end":{"line":162,"column":99}},"type":"binary-expr","locations":[{"start":{"line":162,"column":12},"end":{"line":162,"column":42}},{"start":{"line":162,"column":46},"end":{"line":162,"column":99}}],"line":162},"26":{"loc":{"start":{"line":171,"column":8},"end":{"line":186,"column":9}},"type":"if","locations":[{"start":{"line":171,"column":8},"end":{"line":186,"column":9}},{"start":{"line":171,"column":8},"end":{"line":186,"column":9}}],"line":171},"27":{"loc":{"start":{"line":198,"column":4},"end":{"line":201,"column":5}},"type":"if","locations":[{"start":{"line":198,"column":4},"end":{"line":201,"column":5}},{"start":{"line":198,"column":4},"end":{"line":201,"column":5}}],"line":198},"28":{"loc":{"start":{"line":218,"column":4},"end":{"line":222,"column":5}},"type":"if","locations":[{"start":{"line":218,"column":4},"end":{"line":222,"column":5}},{"start":{"line":218,"column":4},"end":{"line":222,"column":5}}],"line":218},"29":{"loc":{"start":{"line":224,"column":4},"end":{"line":226,"column":5}},"type":"if","locations":[{"start":{"line":224,"column":4},"end":{"line":226,"column":5}},{"start":{"line":224,"column":4},"end":{"line":226,"column":5}}],"line":224},"30":{"loc":{"start":{"line":228,"column":4},"end":{"line":239,"column":5}},"type":"if","locations":[{"start":{"line":228,"column":4},"end":{"line":239,"column":5}},{"start":{"line":228,"column":4},"end":{"line":239,"column":5}}],"line":228},"31":{"loc":{"start":{"line":241,"column":4},"end":{"line":252,"column":5}},"type":"if","locations":[{"start":{"line":241,"column":4},"end":{"line":252,"column":5}},{"start":{"line":241,"column":4},"end":{"line":252,"column":5}}],"line":241},"32":{"loc":{"start":{"line":257,"column":4},"end":{"line":296,"column":5}},"type":"if","locations":[{"start":{"line":257,"column":4},"end":{"line":296,"column":5}},{"start":{"line":257,"column":4},"end":{"line":296,"column":5}}],"line":257},"33":{"loc":{"start":{"line":282,"column":8},"end":{"line":284,"column":9}},"type":"if","locations":[{"start":{"line":282,"column":8},"end":{"line":284,"column":9}},{"start":{"line":282,"column":8},"end":{"line":284,"column":9}}],"line":282},"34":{"loc":{"start":{"line":305,"column":4},"end":{"line":361,"column":5}},"type":"if","locations":[{"start":{"line":305,"column":4},"end":{"line":361,"column":5}},{"start":{"line":305,"column":4},"end":{"line":361,"column":5}}],"line":305},"35":{"loc":{"start":{"line":320,"column":12},"end":{"line":322,"column":13}},"type":"if","locations":[{"start":{"line":320,"column":12},"end":{"line":322,"column":13}},{"start":{"line":320,"column":12},"end":{"line":322,"column":13}}],"line":320},"36":{"loc":{"start":{"line":414,"column":4},"end":{"line":416,"column":5}},"type":"if","locations":[{"start":{"line":414,"column":4},"end":{"line":416,"column":5}},{"start":{"line":414,"column":4},"end":{"line":416,"column":5}}],"line":414},"37":{"loc":{"start":{"line":426,"column":4},"end":{"line":483,"column":5}},"type":"if","locations":[{"start":{"line":426,"column":4},"end":{"line":483,"column":5}},{"start":{"line":426,"column":4},"end":{"line":483,"column":5}}],"line":426},"38":{"loc":{"start":{"line":428,"column":8},"end":{"line":436,"column":9}},"type":"if","locations":[{"start":{"line":428,"column":8},"end":{"line":436,"column":9}},{"start":{"line":428,"column":8},"end":{"line":436,"column":9}}],"line":428},"39":{"loc":{"start":{"line":477,"column":12},"end":{"line":479,"column":13}},"type":"if","locations":[{"start":{"line":477,"column":12},"end":{"line":479,"column":13}},{"start":{"line":477,"column":12},"end":{"line":479,"column":13}}],"line":477},"40":{"loc":{"start":{"line":489,"column":4},"end":{"line":519,"column":5}},"type":"if","locations":[{"start":{"line":489,"column":4},"end":{"line":519,"column":5}},{"start":{"line":489,"column":4},"end":{"line":519,"column":5}}],"line":489},"41":{"loc":{"start":{"line":499,"column":12},"end":{"line":508,"column":13}},"type":"if","locations":[{"start":{"line":499,"column":12},"end":{"line":508,"column":13}},{"start":{"line":499,"column":12},"end":{"line":508,"column":13}}],"line":499},"42":{"loc":{"start":{"line":500,"column":16},"end":{"line":507,"column":17}},"type":"if","locations":[{"start":{"line":500,"column":16},"end":{"line":507,"column":17}},{"start":{"line":500,"column":16},"end":{"line":507,"column":17}}],"line":500},"43":{"loc":{"start":{"line":514,"column":8},"end":{"line":516,"column":9}},"type":"if","locations":[{"start":{"line":514,"column":8},"end":{"line":516,"column":9}},{"start":{"line":514,"column":8},"end":{"line":516,"column":9}}],"line":514},"44":{"loc":{"start":{"line":523,"column":4},"end":{"line":527,"column":5}},"type":"if","locations":[{"start":{"line":523,"column":4},"end":{"line":527,"column":5}},{"start":{"line":523,"column":4},"end":{"line":527,"column":5}}],"line":523},"45":{"loc":{"start":{"line":534,"column":8},"end":{"line":536,"column":9}},"type":"if","locations":[{"start":{"line":534,"column":8},"end":{"line":536,"column":9}},{"start":{"line":534,"column":8},"end":{"line":536,"column":9}}],"line":534},"46":{"loc":{"start":{"line":534,"column":11},"end":{"line":534,"column":101}},"type":"binary-expr","locations":[{"start":{"line":534,"column":11},"end":{"line":534,"column":27}},{"start":{"line":534,"column":31},"end":{"line":534,"column":63}},{"start":{"line":534,"column":68},"end":{"line":534,"column":101}}],"line":534},"47":{"loc":{"start":{"line":545,"column":4},"end":{"line":559,"column":5}},"type":"if","locations":[{"start":{"line":545,"column":4},"end":{"line":559,"column":5}},{"start":{"line":545,"column":4},"end":{"line":559,"column":5}}],"line":545},"48":{"loc":{"start":{"line":545,"column":8},"end":{"line":545,"column":61}},"type":"binary-expr","locations":[{"start":{"line":545,"column":8},"end":{"line":545,"column":23}},{"start":{"line":545,"column":27},"end":{"line":545,"column":42}},{"start":{"line":545,"column":46},"end":{"line":545,"column":61}}],"line":545},"49":{"loc":{"start":{"line":547,"column":8},"end":{"line":549,"column":9}},"type":"if","locations":[{"start":{"line":547,"column":8},"end":{"line":549,"column":9}},{"start":{"line":547,"column":8},"end":{"line":549,"column":9}}],"line":547},"50":{"loc":{"start":{"line":550,"column":8},"end":{"line":552,"column":9}},"type":"if","locations":[{"start":{"line":550,"column":8},"end":{"line":552,"column":9}},{"start":{"line":550,"column":8},"end":{"line":552,"column":9}}],"line":550},"51":{"loc":{"start":{"line":553,"column":8},"end":{"line":555,"column":9}},"type":"if","locations":[{"start":{"line":553,"column":8},"end":{"line":555,"column":9}},{"start":{"line":553,"column":8},"end":{"line":555,"column":9}}],"line":553},"52":{"loc":{"start":{"line":571,"column":4},"end":{"line":611,"column":5}},"type":"if","locations":[{"start":{"line":571,"column":4},"end":{"line":611,"column":5}},{"start":{"line":571,"column":4},"end":{"line":611,"column":5}}],"line":571},"53":{"loc":{"start":{"line":571,"column":8},"end":{"line":571,"column":26}},"type":"binary-expr","locations":[{"start":{"line":571,"column":8},"end":{"line":571,"column":12}},{"start":{"line":571,"column":16},"end":{"line":571,"column":26}}],"line":571},"54":{"loc":{"start":{"line":576,"column":8},"end":{"line":609,"column":9}},"type":"if","locations":[{"start":{"line":576,"column":8},"end":{"line":609,"column":9}},{"start":{"line":576,"column":8},"end":{"line":609,"column":9}}],"line":576},"55":{"loc":{"start":{"line":586,"column":12},"end":{"line":592,"column":13}},"type":"if","locations":[{"start":{"line":586,"column":12},"end":{"line":592,"column":13}},{"start":{"line":586,"column":12},"end":{"line":592,"column":13}}],"line":586},"56":{"loc":{"start":{"line":596,"column":12},"end":{"line":598,"column":13}},"type":"if","locations":[{"start":{"line":596,"column":12},"end":{"line":598,"column":13}},{"start":{"line":596,"column":12},"end":{"line":598,"column":13}}],"line":596}},"s":{"0":0,"1":0,"2":0,"3":0,"4":0,"5":0,"6":0,"7":0,"8":0,"9":0,"10":0,"11":0,"12":0,"13":0,"14":0,"15":0,"16":0,"17":0,"18":0,"19":0,"20":0,"21":0,"22":0,"23":0,"24":0,"25":0,"26":0,"27":0,"28":0,"29":0,"30":0,"31":0,"32":0,"33":0,"34":0,"35":0,"36":0,"37":0,"38":0,"39":0,"40":0,"41":0,"42":0,"43":0,"44":0,"45":0,"46":0,"47":0,"48":0,"49":0,"50":0,"51":0,"52":0,"53":0,"54":0,"55":0,"56":0,"57":0,"58":0,"59":0,"60":0,"61":0,"62":0,"63":0,"64":0,"65":0,"66":0,"67":0,"68":0,"69":0,"70":0,"71":0,"72":0,"73":0,"74":0,"75":0,"76":0,"77":0,"78":0,"79":0,"80":0,"81":0,"82":0,"83":0,"84":0,"85":0,"86":0,"87":0,"88":0,"89":0,"90":0,"91":0,"92":0,"93":0,"94":0,"95":0,"96":0,"97":0,"98":0,"99":0,"100":0,"101":0,"102":0,"103":0,"104":0,"105":0,"106":0,"107":0,"108":0,"109":0,"110":0,"111":0,"112":0,"113":0,"114":0,"115":0,"116":0,"117":0,"118":0,"119":0,"120":0,"121":0,"122":0,"123":0,"124":0,"125":0,"126":0,"127":0,"128":0,"129":0,"130":0,"131":0,"132":0,"133":0,"134":0,"135":0,"136":0,"137":0,"138":0,"139":0,"140":0,"141":0,"142":0,"143":0,"144":0,"145":0,"146":0,"147":0,"148":0,"149":0,"150":0,"151":0,"152":0,"153":0,"154":0,"155":0,"156":0,"157":0,"158":0,"159":0,"160":0,"161":0,"162":0,"163":0,"164":0,"165":0,"166":0,"167":0,"168":0,"169":0,"170":0,"171":0,"172":0,"173":0,"174":0,"175":0,"176":0,"177":0,"178":0,"179":0,"180":0,"181":0,"182":0,"183":0,"184":0,"185":0,"186":0,"187":0,"188":0,"189":0,"190":0,"191":0,"192":0,"193":0,"194":0,"195":0,"196":0,"197":0,"198":0,"199":0,"200":0,"201":0,"202":0,"203":0,"204":0,"205":0,"206":0,"207":0,"208":0,"209":0,"210":0,"211":0,"212":0,"213":0,"214":0,"215":0,"216":0,"217":0,"218":0,"219":0,"220":0,"221":0,"222":0,"223":0,"224":0,"225":0,"226":0,"227":0,"228":0,"229":0,"230":0,"231":0,"232":0,"233":0,"234":0,"235":0,"236":0,"237":0,"238":0,"239":0},"f":{"0":0,"1":0,"2":0,"3":0,"4":0,"5":0,"6":0,"7":0,"8":0,"9":0,"10":0,"11":0,"12":0,"13":0,"14":0,"15":0},"b":{"0":[0,0],"1":[0,0],"2":[0,0],"3":[0,0],"4":[0,0],"5":[0,0],"6":[0,0],"7":[0,0],"8":[0,0,0],"9":[0,0],"10":[0,0],"11":[0,0],"12":[0,0],"13":[0,0],"14":[0,0],"15":[0,0],"16":[0,0],"17":[0,0],"18":[0,0],"19":[0,0],"20":[0,0],"21":[0,0],"22":[0,0],"23":[0,0],"24":[0,0],"25":[0,0],"26":[0,0],"27":[0,0],"28":[0,0],"29":[0,0],"30":[0,0],"31":[0,0],"32":[0,0],"33":[0,0],"34":[0,0],"35":[0,0],"36":[0,0],"37":[0,0],"38":[0,0],"39":[0,0],"40":[0,0],"41":[0,0],"42":[0,0],"43":[0,0],"44":[0,0],"45":[0,0],"46":[0,0,0],"47":[0,0],"48":[0,0,0],"49":[0,0],"50":[0,0],"51":[0,0],"52":[0,0],"53":[0,0],"54":[0,0],"55":[0,0],"56":[0,0]},"hash":"d74b567834f9bff80e68fd9680c79a9af53eec2d"}
,"/Users/scott/code/local/build-talking-apps/starport-75/lambda/index.js": {"path":"/Users/scott/code/local/build-talking-apps/starport-75/lambda/index.js","statementMap":{"0":{"start":{"line":4,"column":14},"end":{"line":4,"column":37}},"1":{"start":{"line":6,"column":29},"end":{"line":17,"column":1}},"2":{"start":{"line":8,"column":8},"end":{"line":8,"column":86}},"3":{"start":{"line":11,"column":28},"end":{"line":11,"column":116}},"4":{"start":{"line":12,"column":8},"end":{"line":15,"column":27}},"5":{"start":{"line":18,"column":32},"end":{"line":30,"column":1}},"6":{"start":{"line":20,"column":8},"end":{"line":21,"column":88}},"7":{"start":{"line":24,"column":28},"end":{"line":24,"column":50}},"8":{"start":{"line":25,"column":8},"end":{"line":28,"column":27}},"9":{"start":{"line":31,"column":26},"end":{"line":44,"column":1}},"10":{"start":{"line":33,"column":8},"end":{"line":34,"column":89}},"11":{"start":{"line":37,"column":28},"end":{"line":37,"column":70}},"12":{"start":{"line":39,"column":8},"end":{"line":42,"column":27}},"13":{"start":{"line":45,"column":35},"end":{"line":57,"column":1}},"14":{"start":{"line":47,"column":8},"end":{"line":49,"column":94}},"15":{"start":{"line":52,"column":28},"end":{"line":52,"column":38}},"16":{"start":{"line":53,"column":8},"end":{"line":55,"column":27}},"17":{"start":{"line":58,"column":35},"end":{"line":66,"column":1}},"18":{"start":{"line":60,"column":8},"end":{"line":60,"column":92}},"19":{"start":{"line":64,"column":8},"end":{"line":64,"column":58}},"20":{"start":{"line":72,"column":31},"end":{"line":85,"column":1}},"21":{"start":{"line":74,"column":8},"end":{"line":74,"column":86}},"22":{"start":{"line":77,"column":27},"end":{"line":77,"column":76}},"23":{"start":{"line":78,"column":28},"end":{"line":78,"column":62}},"24":{"start":{"line":80,"column":8},"end":{"line":83,"column":27}},"25":{"start":{"line":90,"column":21},"end":{"line":103,"column":1}},"26":{"start":{"line":92,"column":8},"end":{"line":92,"column":20}},"27":{"start":{"line":95,"column":8},"end":{"line":95,"column":58}},"28":{"start":{"line":96,"column":28},"end":{"line":96,"column":90}},"29":{"start":{"line":98,"column":8},"end":{"line":101,"column":27}},"30":{"start":{"line":108,"column":0},"end":{"line":120,"column":14}}},"fnMap":{"0":{"name":"(anonymous_0)","decl":{"start":{"line":7,"column":4},"end":{"line":7,"column":5}},"loc":{"start":{"line":7,"column":28},"end":{"line":9,"column":5}},"line":7},"1":{"name":"(anonymous_1)","decl":{"start":{"line":10,"column":4},"end":{"line":10,"column":5}},"loc":{"start":{"line":10,"column":25},"end":{"line":16,"column":5}},"line":10},"2":{"name":"(anonymous_2)","decl":{"start":{"line":19,"column":4},"end":{"line":19,"column":5}},"loc":{"start":{"line":19,"column":28},"end":{"line":22,"column":5}},"line":19},"3":{"name":"(anonymous_3)","decl":{"start":{"line":23,"column":4},"end":{"line":23,"column":5}},"loc":{"start":{"line":23,"column":25},"end":{"line":29,"column":5}},"line":23},"4":{"name":"(anonymous_4)","decl":{"start":{"line":32,"column":4},"end":{"line":32,"column":5}},"loc":{"start":{"line":32,"column":28},"end":{"line":35,"column":5}},"line":32},"5":{"name":"(anonymous_5)","decl":{"start":{"line":36,"column":4},"end":{"line":36,"column":5}},"loc":{"start":{"line":36,"column":25},"end":{"line":43,"column":5}},"line":36},"6":{"name":"(anonymous_6)","decl":{"start":{"line":46,"column":4},"end":{"line":46,"column":5}},"loc":{"start":{"line":46,"column":28},"end":{"line":50,"column":5}},"line":46},"7":{"name":"(anonymous_7)","decl":{"start":{"line":51,"column":4},"end":{"line":51,"column":5}},"loc":{"start":{"line":51,"column":25},"end":{"line":56,"column":5}},"line":51},"8":{"name":"(anonymous_8)","decl":{"start":{"line":59,"column":4},"end":{"line":59,"column":5}},"loc":{"start":{"line":59,"column":28},"end":{"line":61,"column":5}},"line":59},"9":{"name":"(anonymous_9)","decl":{"start":{"line":62,"column":4},"end":{"line":62,"column":5}},"loc":{"start":{"line":62,"column":25},"end":{"line":65,"column":5}},"line":62},"10":{"name":"(anonymous_10)","decl":{"start":{"line":73,"column":4},"end":{"line":73,"column":5}},"loc":{"start":{"line":73,"column":28},"end":{"line":75,"column":5}},"line":73},"11":{"name":"(anonymous_11)","decl":{"start":{"line":76,"column":4},"end":{"line":76,"column":5}},"loc":{"start":{"line":76,"column":25},"end":{"line":84,"column":5}},"line":76},"12":{"name":"(anonymous_12)","decl":{"start":{"line":91,"column":4},"end":{"line":91,"column":5}},"loc":{"start":{"line":91,"column":16},"end":{"line":93,"column":5}},"line":91},"13":{"name":"(anonymous_13)","decl":{"start":{"line":94,"column":4},"end":{"line":94,"column":5}},"loc":{"start":{"line":94,"column":32},"end":{"line":102,"column":5}},"line":94}},"branchMap":{"0":{"loc":{"start":{"line":20,"column":15},"end":{"line":21,"column":87}},"type":"binary-expr","locations":[{"start":{"line":20,"column":15},"end":{"line":20,"column":85}},{"start":{"line":21,"column":15},"end":{"line":21,"column":87}}],"line":20},"1":{"loc":{"start":{"line":33,"column":15},"end":{"line":34,"column":88}},"type":"binary-expr","locations":[{"start":{"line":33,"column":15},"end":{"line":33,"column":85}},{"start":{"line":34,"column":15},"end":{"line":34,"column":88}}],"line":33},"2":{"loc":{"start":{"line":47,"column":15},"end":{"line":49,"column":93}},"type":"binary-expr","locations":[{"start":{"line":47,"column":15},"end":{"line":47,"column":85}},{"start":{"line":48,"column":16},"end":{"line":48,"column":91}},{"start":{"line":49,"column":19},"end":{"line":49,"column":92}}],"line":47}},"s":{"0":1,"1":1,"2":2,"3":1,"4":1,"5":1,"6":1,"7":0,"8":0,"9":1,"10":1,"11":1,"12":1,"13":1,"14":0,"15":0,"16":0,"17":1,"18":0,"19":0,"20":1,"21":0,"22":0,"23":0,"24":0,"25":1,"26":0,"27":0,"28":0,"29":0,"30":1},"f":{"0":2,"1":1,"2":1,"3":0,"4":1,"5":1,"6":0,"7":0,"8":0,"9":0,"10":0,"11":0,"12":0,"13":0},"b":{"0":[1,1],"1":[1,1],"2":[0,0,0]},"_coverageSchema":"43e27e138ebf9cfc5966b082cf9a028302ed4184","hash":"290f7bc363417767d89d4866305d4d8ed1273c1a"}
,"/Users/scott/code/local/build-talking-apps/starport-75/lambda/util.js": {"path":"/Users/scott/code/local/build-talking-apps/starport-75/lambda/util.js","statementMap":{"0":{"start":{"line":1,"column":12},"end":{"line":1,"column":30}},"1":{"start":{"line":3,"column":22},"end":{"line":5,"column":2}},"2":{"start":{"line":7,"column":0},"end":{"line":18,"column":1}},"3":{"start":{"line":9,"column":23},"end":{"line":9,"column":56}},"4":{"start":{"line":10,"column":27},"end":{"line":14,"column":6}},"5":{"start":{"line":15,"column":4},"end":{"line":15,"column":77}},"6":{"start":{"line":16,"column":4},"end":{"line":16,"column":26}}},"fnMap":{"0":{"name":"getS3PreSignedUrl","decl":{"start":{"line":7,"column":44},"end":{"line":7,"column":61}},"loc":{"start":{"line":7,"column":75},"end":{"line":18,"column":1}},"line":7}},"branchMap":{},"s":{"0":0,"1":0,"2":0,"3":0,"4":0,"5":0,"6":0},"f":{"0":0},"b":{},"hash":"0a679e1796cc7d410b1f38905df211a9c452670b"}
,"/Users/scott/code/local/build-talking-apps/starport-75/test/astf/hello-test.js": {"path":"/Users/scott/code/local/build-talking-apps/starport-75/test/astf/hello-test.js","statementMap":{"0":{"start":{"line":1,"column":18},"end":{"line":1,"column":55}},"1":{"start":{"line":3,"column":0},"end":{"line":6,"column":28}},"2":{"start":{"line":8,"column":0},"end":{"line":29,"column":3}},"3":{"start":{"line":9,"column":2},"end":{"line":17,"column":5}},"4":{"start":{"line":10,"column":4},"end":{"line":16,"column":7}},"5":{"start":{"line":19,"column":2},"end":{"line":27,"column":5}},"6":{"start":{"line":20,"column":4},"end":{"line":26,"column":7}}},"fnMap":{"0":{"name":"(anonymous_0)","decl":{"start":{"line":8,"column":45},"end":{"line":8,"column":46}},"loc":{"start":{"line":8,"column":55},"end":{"line":29,"column":1}},"line":8},"1":{"name":"(anonymous_1)","decl":{"start":{"line":9,"column":28},"end":{"line":9,"column":29}},"loc":{"start":{"line":9,"column":38},"end":{"line":17,"column":3}},"line":9},"2":{"name":"(anonymous_2)","decl":{"start":{"line":19,"column":31},"end":{"line":19,"column":32}},"loc":{"start":{"line":19,"column":41},"end":{"line":27,"column":3}},"line":19}},"branchMap":{},"s":{"0":0,"1":0,"2":0,"3":0,"4":0,"5":0,"6":0},"f":{"0":0,"1":0,"2":0},"b":{},"hash":"258001d1bf4c6bf3e4f33517c2a089d1ecf90724"}
,"/Users/scott/code/local/build-talking-apps/starport-75/test/testflow/testflow.js": {"path":"/Users/scott/code/local/build-talking-apps/starport-75/test/testflow/testflow.js","statementMap":{"0":{"start":{"line":7,"column":11},"end":{"line":7,"column":24}},"1":{"start":{"line":10,"column":23},"end":{"line":10,"column":46}},"2":{"start":{"line":11,"column":21},"end":{"line":11,"column":30}},"3":{"start":{"line":14,"column":15},"end":{"line":14,"column":38}},"4":{"start":{"line":16,"column":0},"end":{"line":18,"column":1}},"5":{"start":{"line":17,"column":4},"end":{"line":17,"column":46}},"6":{"start":{"line":21,"column":16},"end":{"line":32,"column":1}},"7":{"start":{"line":34,"column":0},"end":{"line":36,"column":1}},"8":{"start":{"line":35,"column":4},"end":{"line":35,"column":49}},"9":{"start":{"line":38,"column":13},"end":{"line":38,"column":27}},"10":{"start":{"line":40,"column":14},"end":{"line":40,"column":43}},"11":{"start":{"line":41,"column":15},"end":{"line":41,"column":22}},"12":{"start":{"line":44,"column":17},"end":{"line":44,"column":29}},"13":{"start":{"line":45,"column":0},"end":{"line":49,"column":1}},"14":{"start":{"line":46,"column":4},"end":{"line":46,"column":26}},"15":{"start":{"line":48,"column":4},"end":{"line":48,"column":47}},"16":{"start":{"line":54,"column":0},"end":{"line":54,"column":96}},"17":{"start":{"line":55,"column":0},"end":{"line":55,"column":14}},"18":{"start":{"line":57,"column":27},"end":{"line":57,"column":38}},"19":{"start":{"line":59,"column":15},"end":{"line":59,"column":17}},"20":{"start":{"line":60,"column":16},"end":{"line":60,"column":18}},"21":{"start":{"line":61,"column":9},"end":{"line":61,"column":11}},"22":{"start":{"line":62,"column":19},"end":{"line":62,"column":20}},"23":{"start":{"line":63,"column":16},"end":{"line":63,"column":18}},"24":{"start":{"line":64,"column":13},"end":{"line":64,"column":15}},"25":{"start":{"line":65,"column":13},"end":{"line":65,"column":18}},"26":{"start":{"line":66,"column":17},"end":{"line":66,"column":21}},"27":{"start":{"line":67,"column":18},"end":{"line":67,"column":32}},"28":{"start":{"line":68,"column":17},"end":{"line":68,"column":21}},"29":{"start":{"line":71,"column":14},"end":{"line":195,"column":1}},"30":{"start":{"line":75,"column":8},"end":{"line":79,"column":9}},"31":{"start":{"line":76,"column":12},"end":{"line":76,"column":20}},"32":{"start":{"line":78,"column":12},"end":{"line":78,"column":40}},"33":{"start":{"line":81,"column":24},"end":{"line":81,"column":90}},"34":{"start":{"line":83,"column":8},"end":{"line":83,"column":57}},"35":{"start":{"line":84,"column":8},"end":{"line":84,"column":54}},"36":{"start":{"line":86,"column":8},"end":{"line":89,"column":9}},"37":{"start":{"line":87,"column":12},"end":{"line":87,"column":45}},"38":{"start":{"line":88,"column":12},"end":{"line":88,"column":57}},"39":{"start":{"line":91,"column":8},"end":{"line":104,"column":9}},"40":{"start":{"line":93,"column":31},"end":{"line":93,"column":71}},"41":{"start":{"line":94,"column":12},"end":{"line":94,"column":67}},"42":{"start":{"line":95,"column":12},"end":{"line":95,"column":64}},"43":{"start":{"line":97,"column":12},"end":{"line":103,"column":13}},"44":{"start":{"line":98,"column":16},"end":{"line":98,"column":49}},"45":{"start":{"line":102,"column":16},"end":{"line":102,"column":72}},"46":{"start":{"line":106,"column":8},"end":{"line":137,"column":9}},"47":{"start":{"line":107,"column":12},"end":{"line":135,"column":13}},"48":{"start":{"line":108,"column":32},"end":{"line":108,"column":34}},"49":{"start":{"line":109,"column":34},"end":{"line":109,"column":35}},"50":{"start":{"line":111,"column":32},"end":{"line":111,"column":62}},"51":{"start":{"line":112,"column":34},"end":{"line":112,"column":87}},"52":{"start":{"line":113,"column":16},"end":{"line":115,"column":17}},"53":{"start":{"line":114,"column":20},"end":{"line":114,"column":38}},"54":{"start":{"line":116,"column":16},"end":{"line":116,"column":59}},"55":{"start":{"line":118,"column":17},"end":{"line":120,"column":17}},"56":{"start":{"line":119,"column":20},"end":{"line":119,"column":49}},"57":{"start":{"line":121,"column":16},"end":{"line":125,"column":17}},"58":{"start":{"line":121,"column":28},"end":{"line":121,"column":29}},"59":{"start":{"line":122,"column":20},"end":{"line":124,"column":21}},"60":{"start":{"line":123,"column":24},"end":{"line":123,"column":63}},"61":{"start":{"line":126,"column":16},"end":{"line":126,"column":30}},"62":{"start":{"line":127,"column":16},"end":{"line":127,"column":96}},"63":{"start":{"line":128,"column":16},"end":{"line":128,"column":109}},"64":{"start":{"line":130,"column":16},"end":{"line":133,"column":17}},"65":{"start":{"line":130,"column":28},"end":{"line":130,"column":29}},"66":{"start":{"line":131,"column":20},"end":{"line":131,"column":120}},"67":{"start":{"line":132,"column":20},"end":{"line":132,"column":109}},"68":{"start":{"line":139,"column":8},"end":{"line":159,"column":9}},"69":{"start":{"line":141,"column":12},"end":{"line":144,"column":13}},"70":{"start":{"line":142,"column":16},"end":{"line":142,"column":49}},"71":{"start":{"line":143,"column":16},"end":{"line":143,"column":79}},"72":{"start":{"line":146,"column":39},"end":{"line":146,"column":41}},"73":{"start":{"line":147,"column":12},"end":{"line":147,"column":45}},"74":{"start":{"line":148,"column":37},"end":{"line":148,"column":66}},"75":{"start":{"line":149,"column":33},"end":{"line":149,"column":55}},"76":{"start":{"line":150,"column":12},"end":{"line":156,"column":13}},"77":{"start":{"line":151,"column":16},"end":{"line":151,"column":36}},"78":{"start":{"line":152,"column":19},"end":{"line":156,"column":13}},"79":{"start":{"line":153,"column":16},"end":{"line":153,"column":54}},"80":{"start":{"line":155,"column":16},"end":{"line":155,"column":109}},"81":{"start":{"line":157,"column":12},"end":{"line":157,"column":84}},"82":{"start":{"line":162,"column":8},"end":{"line":168,"column":9}},"83":{"start":{"line":163,"column":12},"end":{"line":163,"column":92}},"84":{"start":{"line":164,"column":12},"end":{"line":164,"column":30}},"85":{"start":{"line":166,"column":12},"end":{"line":166,"column":94}},"86":{"start":{"line":167,"column":12},"end":{"line":167,"column":31}},"87":{"start":{"line":171,"column":8},"end":{"line":186,"column":9}},"88":{"start":{"line":175,"column":27},"end":{"line":175,"column":80}},"89":{"start":{"line":176,"column":12},"end":{"line":176,"column":42}},"90":{"start":{"line":180,"column":12},"end":{"line":180,"column":57}},"91":{"start":{"line":183,"column":12},"end":{"line":183,"column":26}},"92":{"start":{"line":184,"column":12},"end":{"line":184,"column":27}},"93":{"start":{"line":191,"column":8},"end":{"line":191,"column":45}},"94":{"start":{"line":192,"column":8},"end":{"line":192,"column":53}},"95":{"start":{"line":197,"column":0},"end":{"line":208,"column":3}},"96":{"start":{"line":198,"column":4},"end":{"line":201,"column":5}},"97":{"start":{"line":199,"column":8},"end":{"line":199,"column":54}},"98":{"start":{"line":200,"column":8},"end":{"line":200,"column":24}},"99":{"start":{"line":202,"column":18},"end":{"line":202,"column":20}},"100":{"start":{"line":204,"column":4},"end":{"line":204,"column":56}},"101":{"start":{"line":206,"column":4},"end":{"line":206,"column":36}},"102":{"start":{"line":213,"column":4},"end":{"line":213,"column":19}},"103":{"start":{"line":215,"column":21},"end":{"line":215,"column":56}},"104":{"start":{"line":218,"column":4},"end":{"line":222,"column":5}},"105":{"start":{"line":219,"column":8},"end":{"line":219,"column":22}},"106":{"start":{"line":221,"column":8},"end":{"line":221,"column":27}},"107":{"start":{"line":224,"column":4},"end":{"line":226,"column":5}},"108":{"start":{"line":225,"column":8},"end":{"line":225,"column":24}},"109":{"start":{"line":228,"column":4},"end":{"line":239,"column":5}},"110":{"start":{"line":230,"column":8},"end":{"line":230,"column":27}},"111":{"start":{"line":231,"column":8},"end":{"line":231,"column":53}},"112":{"start":{"line":233,"column":8},"end":{"line":233,"column":90}},"113":{"start":{"line":235,"column":8},"end":{"line":235,"column":28}},"114":{"start":{"line":237,"column":8},"end":{"line":237,"column":57}},"115":{"start":{"line":241,"column":4},"end":{"line":252,"column":5}},"116":{"start":{"line":243,"column":8},"end":{"line":243,"column":27}},"117":{"start":{"line":244,"column":8},"end":{"line":244,"column":52}},"118":{"start":{"line":246,"column":8},"end":{"line":246,"column":92}},"119":{"start":{"line":248,"column":8},"end":{"line":248,"column":28}},"120":{"start":{"line":250,"column":8},"end":{"line":250,"column":57}},"121":{"start":{"line":254,"column":22},"end":{"line":254,"column":52}},"122":{"start":{"line":255,"column":4},"end":{"line":255,"column":23}},"123":{"start":{"line":257,"column":4},"end":{"line":296,"column":5}},"124":{"start":{"line":258,"column":8},"end":{"line":258,"column":26}},"125":{"start":{"line":259,"column":24},"end":{"line":259,"column":72}},"126":{"start":{"line":261,"column":8},"end":{"line":267,"column":10}},"127":{"start":{"line":271,"column":8},"end":{"line":271,"column":79}},"128":{"start":{"line":273,"column":8},"end":{"line":273,"column":52}},"129":{"start":{"line":277,"column":8},"end":{"line":277,"column":29}},"130":{"start":{"line":278,"column":8},"end":{"line":278,"column":23}},"131":{"start":{"line":280,"column":23},"end":{"line":280,"column":25}},"132":{"start":{"line":282,"column":8},"end":{"line":284,"column":9}},"133":{"start":{"line":283,"column":12},"end":{"line":283,"column":35}},"134":{"start":{"line":287,"column":8},"end":{"line":287,"column":101}},"135":{"start":{"line":290,"column":8},"end":{"line":293,"column":11}},"136":{"start":{"line":291,"column":12},"end":{"line":291,"column":56}},"137":{"start":{"line":300,"column":0},"end":{"line":300,"column":15}},"138":{"start":{"line":303,"column":19},"end":{"line":303,"column":43}},"139":{"start":{"line":305,"column":4},"end":{"line":361,"column":5}},"140":{"start":{"line":307,"column":29},"end":{"line":307,"column":48}},"141":{"start":{"line":308,"column":8},"end":{"line":308,"column":52}},"142":{"start":{"line":309,"column":8},"end":{"line":309,"column":85}},"143":{"start":{"line":311,"column":8},"end":{"line":334,"column":11}},"144":{"start":{"line":316,"column":25},"end":{"line":316,"column":51}},"145":{"start":{"line":320,"column":12},"end":{"line":322,"column":13}},"146":{"start":{"line":321,"column":16},"end":{"line":321,"column":35}},"147":{"start":{"line":326,"column":26},"end":{"line":326,"column":56}},"148":{"start":{"line":327,"column":12},"end":{"line":327,"column":36}},"149":{"start":{"line":331,"column":12},"end":{"line":331,"column":24}},"150":{"start":{"line":332,"column":12},"end":{"line":332,"column":34}},"151":{"start":{"line":341,"column":30},"end":{"line":341,"column":62}},"152":{"start":{"line":343,"column":22},"end":{"line":343,"column":49}},"153":{"start":{"line":344,"column":24},"end":{"line":344,"column":72}},"154":{"start":{"line":346,"column":19},"end":{"line":356,"column":9}},"155":{"start":{"line":358,"column":8},"end":{"line":358,"column":16}},"156":{"start":{"line":368,"column":8},"end":{"line":412,"column":9}},"157":{"start":{"line":414,"column":4},"end":{"line":416,"column":5}},"158":{"start":{"line":415,"column":8},"end":{"line":415,"column":54}},"159":{"start":{"line":419,"column":19},"end":{"line":419,"column":72}},"160":{"start":{"line":420,"column":4},"end":{"line":420,"column":34}},"161":{"start":{"line":426,"column":4},"end":{"line":483,"column":5}},"162":{"start":{"line":428,"column":8},"end":{"line":436,"column":9}},"163":{"start":{"line":430,"column":12},"end":{"line":430,"column":73}},"164":{"start":{"line":433,"column":12},"end":{"line":433,"column":40}},"165":{"start":{"line":434,"column":12},"end":{"line":434,"column":73}},"166":{"start":{"line":435,"column":12},"end":{"line":435,"column":45}},"167":{"start":{"line":440,"column":25},"end":{"line":440,"column":85}},"168":{"start":{"line":441,"column":29},"end":{"line":441,"column":117}},"169":{"start":{"line":447,"column":20},"end":{"line":447,"column":50}},"170":{"start":{"line":448,"column":28},"end":{"line":458,"column":9}},"171":{"start":{"line":460,"column":25},"end":{"line":460,"column":27}},"172":{"start":{"line":462,"column":8},"end":{"line":464,"column":9}},"173":{"start":{"line":462,"column":21},"end":{"line":462,"column":22}},"174":{"start":{"line":463,"column":12},"end":{"line":463,"column":49}},"175":{"start":{"line":466,"column":28},"end":{"line":466,"column":62}},"176":{"start":{"line":468,"column":8},"end":{"line":482,"column":11}},"177":{"start":{"line":470,"column":32},"end":{"line":470,"column":41}},"178":{"start":{"line":472,"column":33},"end":{"line":472,"column":66}},"179":{"start":{"line":474,"column":36},"end":{"line":474,"column":60}},"180":{"start":{"line":475,"column":27},"end":{"line":475,"column":96}},"181":{"start":{"line":476,"column":33},"end":{"line":476,"column":53}},"182":{"start":{"line":477,"column":12},"end":{"line":479,"column":13}},"183":{"start":{"line":478,"column":16},"end":{"line":478,"column":59}},"184":{"start":{"line":480,"column":12},"end":{"line":480,"column":42}},"185":{"start":{"line":489,"column":4},"end":{"line":519,"column":5}},"186":{"start":{"line":490,"column":8},"end":{"line":490,"column":104}},"187":{"start":{"line":494,"column":8},"end":{"line":511,"column":11}},"188":{"start":{"line":495,"column":25},"end":{"line":495,"column":47}},"189":{"start":{"line":499,"column":12},"end":{"line":508,"column":13}},"190":{"start":{"line":500,"column":16},"end":{"line":507,"column":17}},"191":{"start":{"line":502,"column":20},"end":{"line":502,"column":104}},"192":{"start":{"line":503,"column":20},"end":{"line":503,"column":35}},"193":{"start":{"line":506,"column":20},"end":{"line":506,"column":39}},"194":{"start":{"line":510,"column":12},"end":{"line":510,"column":29}},"195":{"start":{"line":514,"column":8},"end":{"line":516,"column":9}},"196":{"start":{"line":515,"column":12},"end":{"line":515,"column":92}},"197":{"start":{"line":518,"column":8},"end":{"line":518,"column":28}},"198":{"start":{"line":523,"column":4},"end":{"line":527,"column":5}},"199":{"start":{"line":524,"column":8},"end":{"line":524,"column":39}},"200":{"start":{"line":526,"column":8},"end":{"line":526,"column":30}},"201":{"start":{"line":531,"column":23},"end":{"line":531,"column":25}},"202":{"start":{"line":533,"column":4},"end":{"line":537,"column":5}},"203":{"start":{"line":533,"column":17},"end":{"line":533,"column":18}},"204":{"start":{"line":534,"column":8},"end":{"line":536,"column":9}},"205":{"start":{"line":535,"column":12},"end":{"line":535,"column":42}},"206":{"start":{"line":538,"column":4},"end":{"line":538,"column":24}},"207":{"start":{"line":541,"column":31},"end":{"line":541,"column":32}},"208":{"start":{"line":542,"column":19},"end":{"line":542,"column":48}},"209":{"start":{"line":543,"column":20},"end":{"line":543,"column":38}},"210":{"start":{"line":545,"column":4},"end":{"line":559,"column":5}},"211":{"start":{"line":547,"column":8},"end":{"line":549,"column":9}},"212":{"start":{"line":548,"column":12},"end":{"line":548,"column":45}},"213":{"start":{"line":550,"column":8},"end":{"line":552,"column":9}},"214":{"start":{"line":551,"column":12},"end":{"line":551,"column":50}},"215":{"start":{"line":553,"column":8},"end":{"line":555,"column":9}},"216":{"start":{"line":554,"column":12},"end":{"line":554,"column":55}},"217":{"start":{"line":558,"column":8},"end":{"line":558,"column":89}},"218":{"start":{"line":561,"column":13},"end":{"line":561,"column":83}},"219":{"start":{"line":563,"column":4},"end":{"line":563,"column":14}},"220":{"start":{"line":567,"column":14},"end":{"line":567,"column":16}},"221":{"start":{"line":568,"column":19},"end":{"line":568,"column":35}},"222":{"start":{"line":569,"column":19},"end":{"line":569,"column":21}},"223":{"start":{"line":571,"column":4},"end":{"line":611,"column":5}},"224":{"start":{"line":572,"column":8},"end":{"line":572,"column":64}},"225":{"start":{"line":576,"column":8},"end":{"line":609,"column":9}},"226":{"start":{"line":578,"column":12},"end":{"line":578,"column":36}},"227":{"start":{"line":579,"column":12},"end":{"line":579,"column":90}},"228":{"start":{"line":583,"column":27},"end":{"line":583,"column":53}},"229":{"start":{"line":584,"column":30},"end":{"line":584,"column":61}},"230":{"start":{"line":586,"column":12},"end":{"line":592,"column":13}},"231":{"start":{"line":587,"column":16},"end":{"line":587,"column":49}},"232":{"start":{"line":590,"column":16},"end":{"line":590,"column":46}},"233":{"start":{"line":593,"column":32},"end":{"line":593,"column":124}},"234":{"start":{"line":595,"column":27},"end":{"line":595,"column":29}},"235":{"start":{"line":596,"column":12},"end":{"line":598,"column":13}},"236":{"start":{"line":597,"column":16},"end":{"line":597,"column":83}},"237":{"start":{"line":601,"column":30},"end":{"line":601,"column":166}},"238":{"start":{"line":607,"column":12},"end":{"line":607,"column":117}},"239":{"start":{"line":615,"column":4},"end":{"line":615,"column":15}}},"fnMap":{"0":{"name":"(anonymous_0)","decl":{"start":{"line":72,"column":15},"end":{"line":72,"column":16}},"loc":{"start":{"line":72,"column":31},"end":{"line":189,"column":5}},"line":72},"1":{"name":"(anonymous_1)","decl":{"start":{"line":190,"column":12},"end":{"line":190,"column":13}},"loc":{"start":{"line":190,"column":27},"end":{"line":193,"column":5}},"line":190},"2":{"name":"(anonymous_2)","decl":{"start":{"line":197,"column":22},"end":{"line":197,"column":23}},"loc":{"start":{"line":197,"column":43},"end":{"line":208,"column":1}},"line":197},"3":{"name":"runSingleTest","decl":{"start":{"line":211,"column":9},"end":{"line":211,"column":22}},"loc":{"start":{"line":211,"column":53},"end":{"line":298,"column":1}},"line":211},"4":{"name":"(anonymous_4)","decl":{"start":{"line":290,"column":33},"end":{"line":290,"column":34}},"loc":{"start":{"line":290,"column":51},"end":{"line":293,"column":9}},"line":290},"5":{"name":"processArray","decl":{"start":{"line":302,"column":9},"end":{"line":302,"column":21}},"loc":{"start":{"line":302,"column":31},"end":{"line":363,"column":1}},"line":302},"6":{"name":"(anonymous_6)","decl":{"start":{"line":311,"column":51},"end":{"line":311,"column":52}},"loc":{"start":{"line":311,"column":65},"end":{"line":334,"column":9}},"line":311},"7":{"name":"prepareTestRequest","decl":{"start":{"line":365,"column":9},"end":{"line":365,"column":27}},"loc":{"start":{"line":365,"column":52},"end":{"line":484,"column":1}},"line":365},"8":{"name":"(anonymous_8)","decl":{"start":{"line":433,"column":26},"end":{"line":433,"column":27}},"loc":{"start":{"line":433,"column":37},"end":{"line":433,"column":39}},"line":433},"9":{"name":"(anonymous_9)","decl":{"start":{"line":468,"column":40},"end":{"line":468,"column":41}},"loc":{"start":{"line":468,"column":55},"end":{"line":482,"column":9}},"line":468},"10":{"name":"promptForSlot","decl":{"start":{"line":486,"column":9},"end":{"line":486,"column":22}},"loc":{"start":{"line":486,"column":62},"end":{"line":520,"column":1}},"line":486},"11":{"name":"(anonymous_11)","decl":{"start":{"line":494,"column":35},"end":{"line":494,"column":36}},"loc":{"start":{"line":494,"column":51},"end":{"line":511,"column":9}},"line":494},"12":{"name":"callback","decl":{"start":{"line":522,"column":9},"end":{"line":522,"column":17}},"loc":{"start":{"line":522,"column":31},"end":{"line":528,"column":1}},"line":522},"13":{"name":"cleanArray","decl":{"start":{"line":530,"column":9},"end":{"line":530,"column":19}},"loc":{"start":{"line":530,"column":29},"end":{"line":539,"column":1}},"line":530},"14":{"name":"addTime","decl":{"start":{"line":540,"column":9},"end":{"line":540,"column":16}},"loc":{"start":{"line":540,"column":39},"end":{"line":564,"column":1}},"line":540},"15":{"name":"buildSlotObj","decl":{"start":{"line":566,"column":9},"end":{"line":566,"column":21}},"loc":{"start":{"line":566,"column":37},"end":{"line":617,"column":1}},"line":566}},"branchMap":{"0":{"loc":{"start":{"line":16,"column":0},"end":{"line":18,"column":1}},"type":"if","locations":[{"start":{"line":16,"column":0},"end":{"line":18,"column":1}},{"start":{"line":16,"column":0},"end":{"line":18,"column":1}}],"line":16},"1":{"loc":{"start":{"line":34,"column":0},"end":{"line":36,"column":1}},"type":"if","locations":[{"start":{"line":34,"column":0},"end":{"line":36,"column":1}},{"start":{"line":34,"column":0},"end":{"line":36,"column":1}}],"line":34},"2":{"loc":{"start":{"line":45,"column":0},"end":{"line":49,"column":1}},"type":"if","locations":[{"start":{"line":45,"column":0},"end":{"line":49,"column":1}},{"start":{"line":45,"column":0},"end":{"line":49,"column":1}}],"line":45},"3":{"loc":{"start":{"line":75,"column":8},"end":{"line":79,"column":9}},"type":"if","locations":[{"start":{"line":75,"column":8},"end":{"line":79,"column":9}},{"start":{"line":75,"column":8},"end":{"line":79,"column":9}}],"line":75},"4":{"loc":{"start":{"line":75,"column":12},"end":{"line":75,"column":99}},"type":"binary-expr","locations":[{"start":{"line":75,"column":12},"end":{"line":75,"column":42}},{"start":{"line":75,"column":46},"end":{"line":75,"column":99}}],"line":75},"5":{"loc":{"start":{"line":81,"column":24},"end":{"line":81,"column":90}},"type":"binary-expr","locations":[{"start":{"line":81,"column":24},"end":{"line":81,"column":55}},{"start":{"line":81,"column":59},"end":{"line":81,"column":90}}],"line":81},"6":{"loc":{"start":{"line":86,"column":8},"end":{"line":89,"column":9}},"type":"if","locations":[{"start":{"line":86,"column":8},"end":{"line":89,"column":9}},{"start":{"line":86,"column":8},"end":{"line":89,"column":9}}],"line":86},"7":{"loc":{"start":{"line":91,"column":8},"end":{"line":104,"column":9}},"type":"if","locations":[{"start":{"line":91,"column":8},"end":{"line":104,"column":9}},{"start":{"line":91,"column":8},"end":{"line":104,"column":9}}],"line":91},"8":{"loc":{"start":{"line":91,"column":12},"end":{"line":91,"column":117}},"type":"binary-expr","locations":[{"start":{"line":91,"column":12},"end":{"line":91,"column":34}},{"start":{"line":91,"column":38},"end":{"line":91,"column":73}},{"start":{"line":91,"column":77},"end":{"line":91,"column":117}}],"line":91},"9":{"loc":{"start":{"line":97,"column":12},"end":{"line":103,"column":13}},"type":"if","locations":[{"start":{"line":97,"column":12},"end":{"line":103,"column":13}},{"start":{"line":97,"column":12},"end":{"line":103,"column":13}}],"line":97},"10":{"loc":{"start":{"line":106,"column":8},"end":{"line":137,"column":9}},"type":"if","locations":[{"start":{"line":106,"column":8},"end":{"line":137,"column":9}},{"start":{"line":106,"column":8},"end":{"line":137,"column":9}}],"line":106},"11":{"loc":{"start":{"line":107,"column":12},"end":{"line":135,"column":13}},"type":"if","locations":[{"start":{"line":107,"column":12},"end":{"line":135,"column":13}},{"start":{"line":107,"column":12},"end":{"line":135,"column":13}}],"line":107},"12":{"loc":{"start":{"line":111,"column":32},"end":{"line":111,"column":62}},"type":"binary-expr","locations":[{"start":{"line":111,"column":32},"end":{"line":111,"column":56}},{"start":{"line":111,"column":60},"end":{"line":111,"column":62}}],"line":111},"13":{"loc":{"start":{"line":112,"column":34},"end":{"line":112,"column":87}},"type":"binary-expr","locations":[{"start":{"line":112,"column":34},"end":{"line":112,"column":60}},{"start":{"line":112,"column":64},"end":{"line":112,"column":87}}],"line":112},"14":{"loc":{"start":{"line":113,"column":16},"end":{"line":115,"column":17}},"type":"if","locations":[{"start":{"line":113,"column":16},"end":{"line":115,"column":17}},{"start":{"line":113,"column":16},"end":{"line":115,"column":17}}],"line":113},"15":{"loc":{"start":{"line":113,"column":20},"end":{"line":113,"column":52}},"type":"binary-expr","locations":[{"start":{"line":113,"column":20},"end":{"line":113,"column":32}},{"start":{"line":113,"column":36},"end":{"line":113,"column":52}}],"line":113},"16":{"loc":{"start":{"line":118,"column":17},"end":{"line":120,"column":17}},"type":"if","locations":[{"start":{"line":118,"column":17},"end":{"line":120,"column":17}},{"start":{"line":118,"column":17},"end":{"line":120,"column":17}}],"line":118},"17":{"loc":{"start":{"line":122,"column":20},"end":{"line":124,"column":21}},"type":"if","locations":[{"start":{"line":122,"column":20},"end":{"line":124,"column":21}},{"start":{"line":122,"column":20},"end":{"line":124,"column":21}}],"line":122},"18":{"loc":{"start":{"line":127,"column":31},"end":{"line":127,"column":94}},"type":"cond-expr","locations":[{"start":{"line":127,"column":62},"end":{"line":127,"column":63}},{"start":{"line":127,"column":66},"end":{"line":127,"column":94}}],"line":127},"19":{"loc":{"start":{"line":131,"column":35},"end":{"line":131,"column":118}},"type":"cond-expr","locations":[{"start":{"line":131,"column":76},"end":{"line":131,"column":77}},{"start":{"line":131,"column":80},"end":{"line":131,"column":118}}],"line":131},"20":{"loc":{"start":{"line":139,"column":8},"end":{"line":159,"column":9}},"type":"if","locations":[{"start":{"line":139,"column":8},"end":{"line":159,"column":9}},{"start":{"line":139,"column":8},"end":{"line":159,"column":9}}],"line":139},"21":{"loc":{"start":{"line":141,"column":12},"end":{"line":144,"column":13}},"type":"if","locations":[{"start":{"line":141,"column":12},"end":{"line":144,"column":13}},{"start":{"line":141,"column":12},"end":{"line":144,"column":13}}],"line":141},"22":{"loc":{"start":{"line":150,"column":12},"end":{"line":156,"column":13}},"type":"if","locations":[{"start":{"line":150,"column":12},"end":{"line":156,"column":13}},{"start":{"line":150,"column":12},"end":{"line":156,"column":13}}],"line":150},"23":{"loc":{"start":{"line":152,"column":19},"end":{"line":156,"column":13}},"type":"if","locations":[{"start":{"line":152,"column":19},"end":{"line":156,"column":13}},{"start":{"line":152,"column":19},"end":{"line":156,"column":13}}],"line":152},"24":{"loc":{"start":{"line":162,"column":8},"end":{"line":168,"column":9}},"type":"if","locations":[{"start":{"line":162,"column":8},"end":{"line":168,"column":9}},{"start":{"line":162,"column":8},"end":{"line":168,"column":9}}],"line":162},"25":{"loc":{"start":{"line":162,"column":12},"end":{"line":162,"column":99}},"type":"binary-expr","locations":[{"start":{"line":162,"column":12},"end":{"line":162,"column":42}},{"start":{"line":162,"column":46},"end":{"line":162,"column":99}}],"line":162},"26":{"loc":{"start":{"line":171,"column":8},"end":{"line":186,"column":9}},"type":"if","locations":[{"start":{"line":171,"column":8},"end":{"line":186,"column":9}},{"start":{"line":171,"column":8},"end":{"line":186,"column":9}}],"line":171},"27":{"loc":{"start":{"line":198,"column":4},"end":{"line":201,"column":5}},"type":"if","locations":[{"start":{"line":198,"column":4},"end":{"line":201,"column":5}},{"start":{"line":198,"column":4},"end":{"line":201,"column":5}}],"line":198},"28":{"loc":{"start":{"line":218,"column":4},"end":{"line":222,"column":5}},"type":"if","locations":[{"start":{"line":218,"column":4},"end":{"line":222,"column":5}},{"start":{"line":218,"column":4},"end":{"line":222,"column":5}}],"line":218},"29":{"loc":{"start":{"line":224,"column":4},"end":{"line":226,"column":5}},"type":"if","locations":[{"start":{"line":224,"column":4},"end":{"line":226,"column":5}},{"start":{"line":224,"column":4},"end":{"line":226,"column":5}}],"line":224},"30":{"loc":{"start":{"line":228,"column":4},"end":{"line":239,"column":5}},"type":"if","locations":[{"start":{"line":228,"column":4},"end":{"line":239,"column":5}},{"start":{"line":228,"column":4},"end":{"line":239,"column":5}}],"line":228},"31":{"loc":{"start":{"line":241,"column":4},"end":{"line":252,"column":5}},"type":"if","locations":[{"start":{"line":241,"column":4},"end":{"line":252,"column":5}},{"start":{"line":241,"column":4},"end":{"line":252,"column":5}}],"line":241},"32":{"loc":{"start":{"line":257,"column":4},"end":{"line":296,"column":5}},"type":"if","locations":[{"start":{"line":257,"column":4},"end":{"line":296,"column":5}},{"start":{"line":257,"column":4},"end":{"line":296,"column":5}}],"line":257},"33":{"loc":{"start":{"line":282,"column":8},"end":{"line":284,"column":9}},"type":"if","locations":[{"start":{"line":282,"column":8},"end":{"line":284,"column":9}},{"start":{"line":282,"column":8},"end":{"line":284,"column":9}}],"line":282},"34":{"loc":{"start":{"line":305,"column":4},"end":{"line":361,"column":5}},"type":"if","locations":[{"start":{"line":305,"column":4},"end":{"line":361,"column":5}},{"start":{"line":305,"column":4},"end":{"line":361,"column":5}}],"line":305},"35":{"loc":{"start":{"line":320,"column":12},"end":{"line":322,"column":13}},"type":"if","locations":[{"start":{"line":320,"column":12},"end":{"line":322,"column":13}},{"start":{"line":320,"column":12},"end":{"line":322,"column":13}}],"line":320},"36":{"loc":{"start":{"line":414,"column":4},"end":{"line":416,"column":5}},"type":"if","locations":[{"start":{"line":414,"column":4},"end":{"line":416,"column":5}},{"start":{"line":414,"column":4},"end":{"line":416,"column":5}}],"line":414},"37":{"loc":{"start":{"line":426,"column":4},"end":{"line":483,"column":5}},"type":"if","locations":[{"start":{"line":426,"column":4},"end":{"line":483,"column":5}},{"start":{"line":426,"column":4},"end":{"line":483,"column":5}}],"line":426},"38":{"loc":{"start":{"line":428,"column":8},"end":{"line":436,"column":9}},"type":"if","locations":[{"start":{"line":428,"column":8},"end":{"line":436,"column":9}},{"start":{"line":428,"column":8},"end":{"line":436,"column":9}}],"line":428},"39":{"loc":{"start":{"line":477,"column":12},"end":{"line":479,"column":13}},"type":"if","locations":[{"start":{"line":477,"column":12},"end":{"line":479,"column":13}},{"start":{"line":477,"column":12},"end":{"line":479,"column":13}}],"line":477},"40":{"loc":{"start":{"line":489,"column":4},"end":{"line":519,"column":5}},"type":"if","locations":[{"start":{"line":489,"column":4},"end":{"line":519,"column":5}},{"start":{"line":489,"column":4},"end":{"line":519,"column":5}}],"line":489},"41":{"loc":{"start":{"line":499,"column":12},"end":{"line":508,"column":13}},"type":"if","locations":[{"start":{"line":499,"column":12},"end":{"line":508,"column":13}},{"start":{"line":499,"column":12},"end":{"line":508,"column":13}}],"line":499},"42":{"loc":{"start":{"line":500,"column":16},"end":{"line":507,"column":17}},"type":"if","locations":[{"start":{"line":500,"column":16},"end":{"line":507,"column":17}},{"start":{"line":500,"column":16},"end":{"line":507,"column":17}}],"line":500},"43":{"loc":{"start":{"line":514,"column":8},"end":{"line":516,"column":9}},"type":"if","locations":[{"start":{"line":514,"column":8},"end":{"line":516,"column":9}},{"start":{"line":514,"column":8},"end":{"line":516,"column":9}}],"line":514},"44":{"loc":{"start":{"line":523,"column":4},"end":{"line":527,"column":5}},"type":"if","locations":[{"start":{"line":523,"column":4},"end":{"line":527,"column":5}},{"start":{"line":523,"column":4},"end":{"line":527,"column":5}}],"line":523},"45":{"loc":{"start":{"line":534,"column":8},"end":{"line":536,"column":9}},"type":"if","locations":[{"start":{"line":534,"column":8},"end":{"line":536,"column":9}},{"start":{"line":534,"column":8},"end":{"line":536,"column":9}}],"line":534},"46":{"loc":{"start":{"line":534,"column":11},"end":{"line":534,"column":101}},"type":"binary-expr","locations":[{"start":{"line":534,"column":11},"end":{"line":534,"column":27}},{"start":{"line":534,"column":31},"end":{"line":534,"column":63}},{"start":{"line":534,"column":68},"end":{"line":534,"column":101}}],"line":534},"47":{"loc":{"start":{"line":545,"column":4},"end":{"line":559,"column":5}},"type":"if","locations":[{"start":{"line":545,"column":4},"end":{"line":559,"column":5}},{"start":{"line":545,"column":4},"end":{"line":559,"column":5}}],"line":545},"48":{"loc":{"start":{"line":545,"column":8},"end":{"line":545,"column":61}},"type":"binary-expr","locations":[{"start":{"line":545,"column":8},"end":{"line":545,"column":23}},{"start":{"line":545,"column":27},"end":{"line":545,"column":42}},{"start":{"line":545,"column":46},"end":{"line":545,"column":61}}],"line":545},"49":{"loc":{"start":{"line":547,"column":8},"end":{"line":549,"column":9}},"type":"if","locations":[{"start":{"line":547,"column":8},"end":{"line":549,"column":9}},{"start":{"line":547,"column":8},"end":{"line":549,"column":9}}],"line":547},"50":{"loc":{"start":{"line":550,"column":8},"end":{"line":552,"column":9}},"type":"if","locations":[{"start":{"line":550,"column":8},"end":{"line":552,"column":9}},{"start":{"line":550,"column":8},"end":{"line":552,"column":9}}],"line":550},"51":{"loc":{"start":{"line":553,"column":8},"end":{"line":555,"column":9}},"type":"if","locations":[{"start":{"line":553,"column":8},"end":{"line":555,"column":9}},{"start":{"line":553,"column":8},"end":{"line":555,"column":9}}],"line":553},"52":{"loc":{"start":{"line":571,"column":4},"end":{"line":611,"column":5}},"type":"if","locations":[{"start":{"line":571,"column":4},"end":{"line":611,"column":5}},{"start":{"line":571,"column":4},"end":{"line":611,"column":5}}],"line":571},"53":{"loc":{"start":{"line":571,"column":8},"end":{"line":571,"column":26}},"type":"binary-expr","locations":[{"start":{"line":571,"column":8},"end":{"line":571,"column":12}},{"start":{"line":571,"column":16},"end":{"line":571,"column":26}}],"line":571},"54":{"loc":{"start":{"line":576,"column":8},"end":{"line":609,"column":9}},"type":"if","locations":[{"start":{"line":576,"column":8},"end":{"line":609,"column":9}},{"start":{"line":576,"column":8},"end":{"line":609,"column":9}}],"line":576},"55":{"loc":{"start":{"line":586,"column":12},"end":{"line":592,"column":13}},"type":"if","locations":[{"start":{"line":586,"column":12},"end":{"line":592,"column":13}},{"start":{"line":586,"column":12},"end":{"line":592,"column":13}}],"line":586},"56":{"loc":{"start":{"line":596,"column":12},"end":{"line":598,"column":13}},"type":"if","locations":[{"start":{"line":596,"column":12},"end":{"line":598,"column":13}},{"start":{"line":596,"column":12},"end":{"line":598,"column":13}}],"line":596}},"s":{"0":0,"1":0,"2":0,"3":0,"4":0,"5":0,"6":0,"7":0,"8":0,"9":0,"10":0,"11":0,"12":0,"13":0,"14":0,"15":0,"16":0,"17":0,"18":0,"19":0,"20":0,"21":0,"22":0,"23":0,"24":0,"25":0,"26":0,"27":0,"28":0,"29":0,"30":0,"31":0,"32":0,"33":0,"34":0,"35":0,"36":0,"37":0,"38":0,"39":0,"40":0,"41":0,"42":0,"43":0,"44":0,"45":0,"46":0,"47":0,"48":0,"49":0,"50":0,"51":0,"52":0,"53":0,"54":0,"55":0,"56":0,"57":0,"58":0,"59":0,"60":0,"61":0,"62":0,"63":0,"64":0,"65":0,"66":0,"67":0,"68":0,"69":0,"70":0,"71":0,"72":0,"73":0,"74":0,"75":0,"76":0,"77":0,"78":0,"79":0,"80":0,"81":0,"82":0,"83":0,"84":0,"85":0,"86":0,"87":0,"88":0,"89":0,"90":0,"91":0,"92":0,"93":0,"94":0,"95":0,"96":0,"97":0,"98":0,"99":0,"100":0,"101":0,"102":0,"103":0,"104":0,"105":0,"106":0,"107":0,"108":0,"109":0,"110":0,"111":0,"112":0,"113":0,"114":0,"115":0,"116":0,"117":0,"118":0,"119":0,"120":0,"121":0,"122":0,"123":0,"124":0,"125":0,"126":0,"127":0,"128":0,"129":0,"130":0,"131":0,"132":0,"133":0,"134":0,"135":0,"136":0,"137":0,"138":0,"139":0,"140":0,"141":0,"142":0,"143":0,"144":0,"145":0,"146":0,"147":0,"148":0,"149":0,"150":0,"151":0,"152":0,"153":0,"154":0,"155":0,"156":0,"157":0,"158":0,"159":0,"160":0,"161":0,"162":0,"163":0,"164":0,"165":0,"166":0,"167":0,"168":0,"169":0,"170":0,"171":0,"172":0,"173":0,"174":0,"175":0,"176":0,"177":0,"178":0,"179":0,"180":0,"181":0,"182":0,"183":0,"184":0,"185":0,"186":0,"187":0,"188":0,"189":0,"190":0,"191":0,"192":0,"193":0,"194":0,"195":0,"196":0,"197":0,"198":0,"199":0,"200":0,"201":0,"202":0,"203":0,"204":0,"205":0,"206":0,"207":0,"208":0,"209":0,"210":0,"211":0,"212":0,"213":0,"214":0,"215":0,"216":0,"217":0,"218":0,"219":0,"220":0,"221":0,"222":0,"223":0,"224":0,"225":0,"226":0,"227":0,"228":0,"229":0,"230":0,"231":0,"232":0,"233":0,"234":0,"235":0,"236":0,"237":0,"238":0,"239":0},"f":{"0":0,"1":0,"2":0,"3":0,"4":0,"5":0,"6":0,"7":0,"8":0,"9":0,"10":0,"11":0,"12":0,"13":0,"14":0,"15":0},"b":{"0":[0,0],"1":[0,0],"2":[0,0],"3":[0,0],"4":[0,0],"5":[0,0],"6":[0,0],"7":[0,0],"8":[0,0,0],"9":[0,0],"10":[0,0],"11":[0,0],"12":[0,0],"13":[0,0],"14":[0,0],"15":[0,0],"16":[0,0],"17":[0,0],"18":[0,0],"19":[0,0],"20":[0,0],"21":[0,0],"22":[0,0],"23":[0,0],"24":[0,0],"25":[0,0],"26":[0,0],"27":[0,0],"28":[0,0],"29":[0,0],"30":[0,0],"31":[0,0],"32":[0,0],"33":[0,0],"34":[0,0],"35":[0,0],"36":[0,0],"37":[0,0],"38":[0,0],"39":[0,0],"40":[0,0],"41":[0,0],"42":[0,0],"43":[0,0],"44":[0,0],"45":[0,0],"46":[0,0,0],"47":[0,0],"48":[0,0,0],"49":[0,0],"50":[0,0],"51":[0,0],"52":[0,0],"53":[0,0],"54":[0,0],"55":[0,0],"56":[0,0]},"hash":"a6154b3e18279eccf186da17458afabede530665"}
}
