TN:
SF:/Users/scott/code/local/build-talking-apps/starport-75/lambda/index.js
FN:7,(anonymous_0)
FN:10,(anonymous_1)
FN:19,(anonymous_2)
FN:23,(anonymous_3)
FN:32,(anonymous_4)
FN:36,(anonymous_5)
FN:46,(anonymous_6)
FN:51,(anonymous_7)
FN:59,(anonymous_8)
FN:62,(anonymous_9)
FN:73,(anonymous_10)
FN:76,(anonymous_11)
FN:91,(anonymous_12)
FN:94,(anonymous_13)
FNF:14
FNH:10
FNDA:7,(anonymous_0)
FNDA:1,(anonymous_1)
FNDA:6,(anonymous_2)
FNDA:2,(anonymous_3)
FNDA:4,(anonymous_4)
FNDA:1,(anonymous_5)
FNDA:3,(anonymous_6)
FNDA:2,(anonymous_7)
FNDA:1,(anonymous_8)
FNDA:1,(anonymous_9)
FNDA:0,(anonymous_10)
FNDA:0,(anonymous_11)
FNDA:0,(anonymous_12)
FNDA:0,(anonymous_13)
DA:4,3
DA:6,3
DA:8,7
DA:11,1
DA:12,1
DA:18,3
DA:20,6
DA:24,2
DA:25,2
DA:31,3
DA:33,4
DA:37,1
DA:39,1
DA:45,3
DA:47,3
DA:52,2
DA:53,2
DA:58,3
DA:60,1
DA:64,1
DA:72,3
DA:74,0
DA:77,0
DA:78,0
DA:80,0
DA:90,3
DA:92,0
DA:95,0
DA:96,0
DA:98,0
DA:108,3
LF:31
LH:23
BRDA:20,0,0,6
BRDA:20,0,1,5
BRDA:33,1,0,4
BRDA:33,1,1,3
BRDA:47,2,0,3
BRDA:47,2,1,2
BRDA:47,2,2,1
BRF:7
BRH:7
end_of_record
